\BOOKMARK [0][-]{chapter*.2}{\376\377\000L\000i\000s\000t\000\040\000o\000f\000\040\000F\000i\000g\000u\000r\000e\000s}{}% 1
\BOOKMARK [0][-]{chapter*.3}{\376\377\000L\000i\000s\000t\000\040\000o\000f\000\040\000T\000a\000b\000l\000e\000s}{}% 2
\BOOKMARK [0][-]{chapter*.4}{\376\377\000L\000i\000s\000t\000\040\000o\000f\000\040\000A\000b\000b\000r\000e\000v\000i\000a\000t\000i\000o\000n\000s}{}% 3
\BOOKMARK [0][-]{chapter.1}{\376\377\000I\000n\000t\000r\000o\000d\000u\000c\000t\000i\000o\000n}{}% 4
\BOOKMARK [1][-]{section.1.1}{\376\377\000P\000r\000o\000j\000e\000c\000t\000\040\000O\000v\000e\000r\000v\000i\000e\000w}{chapter.1}% 5
\BOOKMARK [1][-]{section.1.2}{\376\377\000P\000r\000o\000j\000e\000c\000t\000\040\000O\000b\000j\000e\000c\000t\000i\000v\000e\000s}{chapter.1}% 6
\BOOKMARK [2][-]{subsection.1.2.1}{\376\377\000P\000r\000i\000m\000a\000r\000y\000\040\000O\000b\000j\000e\000c\000t\000i\000v\000e\000s}{section.1.2}% 7
\BOOKMARK [2][-]{subsection.1.2.2}{\376\377\000Q\000u\000a\000l\000i\000t\000y\000\040\000M\000e\000t\000r\000i\000c\000s}{section.1.2}% 8
\BOOKMARK [0][-]{chapter.2}{\376\377\000S\000o\000f\000t\000w\000a\000r\000e\000\040\000D\000e\000v\000e\000l\000o\000p\000m\000e\000n\000t\000\040\000L\000i\000f\000e\000\040\000C\000y\000c\000l\000e\000\040\000\050\000S\000D\000L\000C\000\051}{}% 9
\BOOKMARK [1][-]{section.2.1}{\376\377\000S\000D\000L\000C\000\040\000A\000p\000p\000r\000o\000a\000c\000h}{chapter.2}% 10
\BOOKMARK [2][-]{subsection.2.1.1}{\376\377\000P\000l\000a\000n\000n\000i\000n\000g\000\040\000\046\000\040\000R\000e\000q\000u\000i\000r\000e\000m\000e\000n\000t\000s\000\040\000A\000n\000a\000l\000y\000s\000i\000s}{section.2.1}% 11
\BOOKMARK [2][-]{subsection.2.1.2}{\376\377\000A\000r\000c\000h\000i\000t\000e\000c\000t\000u\000r\000a\000l\000\040\000D\000e\000s\000i\000g\000n}{section.2.1}% 12
\BOOKMARK [2][-]{subsection.2.1.3}{\376\377\000I\000m\000p\000l\000e\000m\000e\000n\000t\000a\000t\000i\000o\000n\000\040\000\050\000I\000t\000e\000r\000a\000t\000i\000v\000e\000\051}{section.2.1}% 13
\BOOKMARK [2][-]{subsection.2.1.4}{\376\377\000D\000e\000p\000l\000o\000y\000m\000e\000n\000t\000\040\000\046\000\040\000E\000v\000o\000l\000u\000t\000i\000o\000n}{section.2.1}% 14
\BOOKMARK [1][-]{section.2.2}{\376\377\000P\000r\000o\000j\000e\000c\000t\000\040\000T\000i\000m\000e\000l\000i\000n\000e\000\040\000a\000n\000d\000\040\000G\000a\000n\000t\000t\000\040\000C\000h\000a\000r\000t}{chapter.2}% 15
\BOOKMARK [1][-]{section.2.3}{\376\377\000R\000i\000s\000k\000\040\000R\000e\000g\000i\000s\000t\000e\000r}{chapter.2}% 16
\BOOKMARK [2][-]{subsection.2.3.1}{\376\377\000K\000e\000y\000\040\000R\000i\000s\000k\000\040\000C\000a\000t\000e\000g\000o\000r\000i\000e\000s}{section.2.3}% 17
\BOOKMARK [2][-]{subsection.2.3.2}{\376\377\000R\000i\000s\000k\000\040\000M\000i\000t\000i\000g\000a\000t\000i\000o\000n\000\040\000I\000n\000t\000e\000g\000r\000a\000t\000i\000o\000n\000\040\000i\000n\000\040\000S\000D\000L\000C}{section.2.3}% 18
\BOOKMARK [0][-]{chapter.3}{\376\377\000R\000e\000q\000u\000i\000r\000e\000m\000e\000n\000t\000\040\000A\000n\000a\000l\000y\000s\000i\000s}{}% 19
\BOOKMARK [1][-]{section.3.1}{\376\377\000H\000i\000g\000h\000-\000L\000e\000v\000e\000l\000\040\000O\000v\000e\000r\000v\000i\000e\000w\000\040\000o\000f\000\040\000R\000e\000q\000u\000i\000r\000e\000m\000e\000n\000t\000s}{chapter.3}% 20
\BOOKMARK [1][-]{section.3.2}{\376\377\000R\000e\000q\000u\000i\000r\000e\000m\000e\000n\000t\000s}{chapter.3}% 21
\BOOKMARK [2][-]{subsection.3.2.1}{\376\377\000F\000u\000n\000c\000t\000i\000o\000n\000a\000l\000\040\000R\000e\000q\000u\000i\000r\000e\000m\000e\000n\000t\000s}{section.3.2}% 22
\BOOKMARK [2][-]{subsection.3.2.2}{\376\377\000T\000e\000c\000h\000n\000i\000c\000a\000l\000\040\000R\000e\000q\000u\000i\000r\000e\000m\000e\000n\000t\000s}{section.3.2}% 23
\BOOKMARK [0][-]{chapter.4}{\376\377\000D\000e\000s\000i\000g\000n}{}% 24
\BOOKMARK [1][-]{section.4.1}{\376\377\000S\000y\000s\000t\000e\000m\000\040\000A\000r\000c\000h\000i\000t\000e\000c\000t\000u\000r\000e}{chapter.4}% 25
\BOOKMARK [2][-]{subsection.4.1.1}{\376\377\000H\000i\000g\000h\000-\000L\000e\000v\000e\000l\000\040\000A\000r\000c\000h\000i\000t\000e\000c\000t\000u\000r\000e}{section.4.1}% 26
\BOOKMARK [2][-]{subsection.4.1.2}{\376\377\000D\000e\000p\000l\000o\000y\000m\000e\000n\000t\000\040\000T\000o\000p\000o\000l\000o\000g\000y}{section.4.1}% 27
\BOOKMARK [2][-]{subsection.4.1.3}{\376\377\000S\000e\000r\000v\000i\000c\000e\000\040\000R\000e\000s\000p\000o\000n\000s\000i\000b\000i\000l\000i\000t\000i\000e\000s}{section.4.1}% 28
\BOOKMARK [1][-]{section.4.2}{\376\377\000D\000a\000t\000a\000\040\000M\000o\000d\000e\000l}{chapter.4}% 29
\BOOKMARK [2][-]{subsection.4.2.1}{\376\377\000A\000u\000t\000h\000\040\000S\000e\000r\000v\000i\000c\000e\000\040\000D\000a\000t\000a\000b\000a\000s\000e\000\040\000\050\000a\000u\000t\000h\000.\000d\000b\000\051}{section.4.2}% 30
\BOOKMARK [2][-]{subsection.4.2.2}{\376\377\000U\000s\000e\000r\000\040\000S\000e\000r\000v\000i\000c\000e\000\040\000D\000a\000t\000a\000b\000a\000s\000e\000\040\000\050\000u\000s\000e\000r\000s\000.\000d\000b\000\051}{section.4.2}% 31
\BOOKMARK [2][-]{subsection.4.2.3}{\376\377\000G\000a\000m\000e\000\040\000S\000e\000r\000v\000i\000c\000e\000\040\000D\000a\000t\000a\000b\000a\000s\000e\000\040\000\050\000g\000a\000m\000e\000s\000.\000d\000b\000\051}{section.4.2}% 32
\BOOKMARK [2][-]{subsection.4.2.4}{\376\377\000T\000o\000u\000r\000n\000a\000m\000e\000n\000t\000\040\000S\000e\000r\000v\000i\000c\000e\000\040\000D\000a\000t\000a\000b\000a\000s\000e\000\040\000\050\000t\000o\000u\000r\000n\000a\000m\000e\000n\000t\000s\000.\000d\000b\000\051}{section.4.2}% 33
\BOOKMARK [1][-]{section.4.3}{\376\377\000S\000e\000c\000u\000r\000i\000t\000y\000\040\000D\000e\000s\000i\000g\000n}{chapter.4}% 34
\BOOKMARK [2][-]{subsection.4.3.1}{\376\377\000L\000a\000y\000e\000r\000\040\0001\000:\000\040\000N\000e\000t\000w\000o\000r\000k\000\040\000S\000e\000c\000u\000r\000i\000t\000y}{section.4.3}% 35
\BOOKMARK [2][-]{subsection.4.3.2}{\376\377\000L\000a\000y\000e\000r\000\040\0002\000:\000\040\000T\000r\000a\000n\000s\000p\000o\000r\000t\000\040\000S\000e\000c\000u\000r\000i\000t\000y}{section.4.3}% 36
\BOOKMARK [2][-]{subsection.4.3.3}{\376\377\000L\000a\000y\000e\000r\000\040\0003\000:\000\040\000A\000p\000p\000l\000i\000c\000a\000t\000i\000o\000n\000\040\000S\000e\000c\000u\000r\000i\000t\000y}{section.4.3}% 37
\BOOKMARK [2][-]{subsection.4.3.4}{\376\377\000L\000a\000y\000e\000r\000\040\0004\000:\000\040\000A\000u\000t\000h\000e\000n\000t\000i\000c\000a\000t\000i\000o\000n\000\040\000\046\000\040\000A\000u\000t\000h\000o\000r\000i\000z\000a\000t\000i\000o\000n}{section.4.3}% 38
\BOOKMARK [2][-]{subsection.4.3.5}{\376\377\000L\000a\000y\000e\000r\000\040\0005\000:\000\040\000D\000a\000t\000a\000\040\000P\000r\000o\000t\000e\000c\000t\000i\000o\000n}{section.4.3}% 39
\BOOKMARK [2][-]{subsection.4.3.6}{\376\377\000L\000a\000y\000e\000r\000\040\0006\000:\000\040\000M\000o\000n\000i\000t\000o\000r\000i\000n\000g\000\040\000\046\000\040\000L\000o\000g\000g\000i\000n\000g}{section.4.3}% 40
\BOOKMARK [2][-]{subsection.4.3.7}{\376\377\000L\000a\000y\000e\000r\000\040\0007\000:\000\040\000I\000n\000c\000i\000d\000e\000n\000t\000\040\000R\000e\000s\000p\000o\000n\000s\000e}{section.4.3}% 41
\BOOKMARK [2][-]{subsection.4.3.8}{\376\377\000S\000e\000c\000u\000r\000i\000t\000y\000\040\000T\000e\000s\000t\000i\000n\000g\000\040\000a\000n\000d\000\040\000V\000a\000l\000i\000d\000a\000t\000i\000o\000n}{section.4.3}% 42
\BOOKMARK [2][-]{subsection.4.3.9}{\376\377\000S\000e\000c\000u\000r\000i\000t\000y\000\040\000C\000o\000m\000p\000l\000i\000a\000n\000c\000e}{section.4.3}% 43
\BOOKMARK [2][-]{subsection.4.3.10}{\376\377\000S\000e\000c\000u\000r\000i\000t\000y\000\040\000I\000m\000p\000l\000e\000m\000e\000n\000t\000a\000t\000i\000o\000n\000\040\000D\000e\000t\000a\000i\000l\000s}{section.4.3}% 44
\BOOKMARK [1][-]{section.4.4}{\376\377\000B\000l\000o\000c\000k\000c\000h\000a\000i\000n\000\040\000I\000n\000t\000e\000g\000r\000a\000t\000i\000o\000n}{chapter.4}% 45
\BOOKMARK [2][-]{subsection.4.4.1}{\376\377\000B\000l\000o\000c\000k\000c\000h\000a\000i\000n\000\040\000A\000r\000c\000h\000i\000t\000e\000c\000t\000u\000r\000e}{section.4.4}% 46
\BOOKMARK [2][-]{subsection.4.4.2}{\376\377\000S\000m\000a\000r\000t\000\040\000C\000o\000n\000t\000r\000a\000c\000t\000\040\000I\000m\000p\000l\000e\000m\000e\000n\000t\000a\000t\000i\000o\000n}{section.4.4}% 47
\BOOKMARK [2][-]{subsection.4.4.3}{\376\377\000H\000a\000r\000d\000h\000a\000t\000\040\000D\000e\000v\000e\000l\000o\000p\000m\000e\000n\000t\000\040\000E\000n\000v\000i\000r\000o\000n\000m\000e\000n\000t}{section.4.4}% 48
\BOOKMARK [2][-]{subsection.4.4.4}{\376\377\000B\000l\000o\000c\000k\000c\000h\000a\000i\000n\000\040\000S\000e\000r\000v\000i\000c\000e\000\040\000A\000r\000c\000h\000i\000t\000e\000c\000t\000u\000r\000e}{section.4.4}% 49
\BOOKMARK [2][-]{subsection.4.4.5}{\376\377\000T\000o\000u\000r\000n\000a\000m\000e\000n\000t\000\040\000I\000n\000t\000e\000g\000r\000a\000t\000i\000o\000n}{section.4.4}% 50
\BOOKMARK [2][-]{subsection.4.4.6}{\376\377\000B\000l\000o\000c\000k\000c\000h\000a\000i\000n\000\040\000S\000e\000c\000u\000r\000i\000t\000y\000\040\000M\000e\000a\000s\000u\000r\000e\000s}{section.4.4}% 51
\BOOKMARK [2][-]{subsection.4.4.7}{\376\377\000B\000l\000o\000c\000k\000c\000h\000a\000i\000n\000\040\000T\000e\000s\000t\000i\000n\000g\000\040\000a\000n\000d\000\040\000V\000a\000l\000i\000d\000a\000t\000i\000o\000n}{section.4.4}% 52
\BOOKMARK [2][-]{subsection.4.4.8}{\376\377\000B\000l\000o\000c\000k\000c\000h\000a\000i\000n\000\040\000P\000e\000r\000f\000o\000r\000m\000a\000n\000c\000e\000\040\000O\000p\000t\000i\000m\000i\000z\000a\000t\000i\000o\000n}{section.4.4}% 53
\BOOKMARK [2][-]{subsection.4.4.9}{\376\377\000B\000l\000o\000c\000k\000c\000h\000a\000i\000n\000\040\000M\000o\000n\000i\000t\000o\000r\000i\000n\000g\000\040\000a\000n\000d\000\040\000O\000b\000s\000e\000r\000v\000a\000b\000i\000l\000i\000t\000y}{section.4.4}% 54
\BOOKMARK [2][-]{subsection.4.4.10}{\376\377\000B\000l\000o\000c\000k\000c\000h\000a\000i\000n\000\040\000D\000e\000p\000l\000o\000y\000m\000e\000n\000t\000\040\000a\000n\000d\000\040\000O\000p\000e\000r\000a\000t\000i\000o\000n\000s}{section.4.4}% 55
\BOOKMARK [1][-]{section.4.5}{\376\377\000M\000i\000c\000r\000o\000s\000e\000r\000v\000i\000c\000e\000s\000\040\000A\000r\000c\000h\000i\000t\000e\000c\000t\000u\000r\000e}{chapter.4}% 56
\BOOKMARK [2][-]{subsection.4.5.1}{\376\377\000S\000e\000r\000v\000i\000c\000e\000\040\000A\000r\000c\000h\000i\000t\000e\000c\000t\000u\000r\000e\000\040\000O\000v\000e\000r\000v\000i\000e\000w}{section.4.5}% 57
\BOOKMARK [2][-]{subsection.4.5.2}{\376\377\000S\000e\000r\000v\000i\000c\000e\000\040\000C\000o\000m\000m\000u\000n\000i\000c\000a\000t\000i\000o\000n\000\040\000P\000a\000t\000t\000e\000r\000n\000s}{section.4.5}% 58
\BOOKMARK [2][-]{subsection.4.5.3}{\376\377\000D\000o\000c\000k\000e\000r\000\040\000C\000o\000m\000p\000o\000s\000e\000\040\000O\000r\000c\000h\000e\000s\000t\000r\000a\000t\000i\000o\000n}{section.4.5}% 59
\BOOKMARK [2][-]{subsection.4.5.4}{\376\377\000S\000e\000r\000v\000i\000c\000e\000\040\000H\000e\000a\000l\000t\000h\000\040\000M\000o\000n\000i\000t\000o\000r\000i\000n\000g}{section.4.5}% 60
\BOOKMARK [2][-]{subsection.4.5.5}{\376\377\000D\000a\000t\000a\000b\000a\000s\000e\000\040\000A\000r\000c\000h\000i\000t\000e\000c\000t\000u\000r\000e}{section.4.5}% 61
\BOOKMARK [2][-]{subsection.4.5.6}{\376\377\000P\000r\000o\000d\000u\000c\000t\000i\000o\000n\000\040\000D\000e\000p\000l\000o\000y\000m\000e\000n\000t\000\040\000C\000o\000n\000s\000i\000d\000e\000r\000a\000t\000i\000o\000n\000s}{section.4.5}% 62
\BOOKMARK [1][-]{section.4.6}{\376\377\0003\000D\000\040\000F\000r\000o\000n\000t\000e\000n\000d\000\040\000I\000m\000p\000l\000e\000m\000e\000n\000t\000a\000t\000i\000o\000n}{chapter.4}% 63
\BOOKMARK [2][-]{subsection.4.6.1}{\376\377\000B\000a\000b\000y\000l\000o\000n\000.\000j\000s\000\040\000I\000n\000t\000e\000g\000r\000a\000t\000i\000o\000n\000\040\000A\000r\000c\000h\000i\000t\000e\000c\000t\000u\000r\000e}{section.4.6}% 64
\BOOKMARK [2][-]{subsection.4.6.2}{\376\377\0003\000D\000\040\000G\000a\000m\000e\000\040\000R\000e\000n\000d\000e\000r\000i\000n\000g\000\040\000S\000y\000s\000t\000e\000m}{section.4.6}% 65
\BOOKMARK [2][-]{subsection.4.6.3}{\376\377\000R\000e\000a\000l\000-\000t\000i\000m\000e\000\040\0003\000D\000\040\000S\000y\000n\000c\000h\000r\000o\000n\000i\000z\000a\000t\000i\000o\000n}{section.4.6}% 66
\BOOKMARK [2][-]{subsection.4.6.4}{\376\377\000H\000T\000M\000L\000\040\000M\000e\000s\000h\000\040\000I\000n\000t\000e\000g\000r\000a\000t\000i\000o\000n}{section.4.6}% 67
\BOOKMARK [2][-]{subsection.4.6.5}{\376\377\000P\000o\000s\000t\000-\000P\000r\000o\000c\000e\000s\000s\000i\000n\000g\000\040\000E\000f\000f\000e\000c\000t\000s}{section.4.6}% 68
\BOOKMARK [2][-]{subsection.4.6.6}{\376\377\000P\000e\000r\000f\000o\000r\000m\000a\000n\000c\000e\000\040\000O\000p\000t\000i\000m\000i\000z\000a\000t\000i\000o\000n\000s}{section.4.6}% 69
\BOOKMARK [1][-]{section.4.7}{\376\377\000W\000i\000r\000e\000f\000r\000a\000m\000e\000s\000\040\000a\000n\000d\000\040\000U\000s\000e\000r\000\040\000I\000n\000t\000e\000r\000f\000a\000c\000e\000\040\000D\000e\000s\000i\000g\000n}{chapter.4}% 70
\BOOKMARK [2][-]{subsection.4.7.1}{\376\377\000A\000u\000t\000h\000e\000n\000t\000i\000c\000a\000t\000i\000o\000n\000\040\000F\000l\000o\000w\000\040\000W\000i\000r\000e\000f\000r\000a\000m\000e\000s}{section.4.7}% 71
\BOOKMARK [2][-]{subsection.4.7.2}{\376\377\000G\000a\000m\000e\000\040\000I\000n\000t\000e\000r\000f\000a\000c\000e\000\040\000W\000i\000r\000e\000f\000r\000a\000m\000e\000s}{section.4.7}% 72
\BOOKMARK [2][-]{subsection.4.7.3}{\376\377\000S\000o\000c\000i\000a\000l\000\040\000a\000n\000d\000\040\000P\000r\000o\000f\000i\000l\000e\000\040\000F\000e\000a\000t\000u\000r\000e\000s}{section.4.7}% 73
\BOOKMARK [2][-]{subsection.4.7.4}{\376\377\000M\000a\000i\000n\000\040\000M\000e\000n\000u\000\040\000I\000n\000t\000e\000r\000f\000a\000c\000e}{section.4.7}% 74
\BOOKMARK [2][-]{subsection.4.7.5}{\376\377\000G\000a\000m\000e\000\040\000M\000o\000d\000e\000\040\000S\000e\000l\000e\000c\000t\000i\000o\000n}{section.4.7}% 75
\BOOKMARK [2][-]{subsection.4.7.6}{\376\377\000A\000u\000t\000h\000e\000n\000t\000i\000c\000a\000t\000i\000o\000n\000\040\000U\000I\000\040\000I\000m\000p\000l\000e\000m\000e\000n\000t\000a\000t\000i\000o\000n}{section.4.7}% 76
\BOOKMARK [2][-]{subsection.4.7.7}{\376\377\000G\000a\000m\000e\000p\000l\000a\000y\000\040\000I\000n\000t\000e\000r\000f\000a\000c\000e}{section.4.7}% 77
\BOOKMARK [2][-]{subsection.4.7.8}{\376\377\000G\000a\000m\000e\000\040\000S\000e\000t\000t\000i\000n\000g\000s}{section.4.7}% 78
\BOOKMARK [2][-]{subsection.4.7.9}{\376\377\000C\000a\000m\000p\000a\000i\000g\000n\000\040\000M\000o\000d\000e}{section.4.7}% 79
\BOOKMARK [2][-]{subsection.4.7.10}{\376\377\000T\000o\000u\000r\000n\000a\000m\000e\000n\000t\000\040\000S\000y\000s\000t\000e\000m}{section.4.7}% 80
\BOOKMARK [2][-]{subsection.4.7.11}{\376\377\000U\000s\000e\000r\000\040\000P\000r\000o\000f\000i\000l\000e\000\040\000a\000n\000d\000\040\000S\000t\000a\000t\000i\000s\000t\000i\000c\000s}{section.4.7}% 81
\BOOKMARK [0][-]{chapter.5}{\376\377\000I\000m\000p\000l\000e\000m\000e\000n\000t\000a\000t\000i\000o\000n}{}% 82
\BOOKMARK [1][-]{section.5.1}{\376\377\000M\000a\000n\000d\000a\000t\000o\000r\000y\000\040\000I\000m\000p\000l\000e\000m\000e\000n\000t\000a\000t\000i\000o\000n}{chapter.5}% 83
\BOOKMARK [2][-]{subsection.5.1.1}{\376\377\000T\000e\000c\000h\000n\000o\000l\000o\000g\000y\000\040\000S\000t\000a\000c\000k\000\040\000S\000u\000m\000m\000a\000r\000y}{section.5.1}% 84
\BOOKMARK [2][-]{subsection.5.1.2}{\376\377\000B\000a\000c\000k\000e\000n\000d\000\040\000F\000r\000a\000m\000e\000w\000o\000r\000k}{section.5.1}% 85
\BOOKMARK [1][-]{section.5.2}{\376\377\000W\000e\000b\000\040\000I\000m\000p\000l\000e\000m\000e\000n\000t\000a\000t\000i\000o\000n}{chapter.5}% 86
\BOOKMARK [2][-]{subsection.5.2.1}{\376\377\000B\000a\000c\000k\000e\000n\000d\000\040\000F\000r\000a\000m\000e\000w\000o\000r\000k}{section.5.2}% 87
\BOOKMARK [2][-]{subsection.5.2.2}{\376\377\000B\000l\000o\000c\000k\000c\000h\000a\000i\000n\000\040\000I\000n\000t\000e\000g\000r\000a\000t\000i\000o\000n}{section.5.2}% 88
\BOOKMARK [2][-]{subsection.5.2.3}{\376\377\000F\000r\000o\000n\000t\000e\000n\000d\000\040\000F\000r\000a\000m\000e\000w\000o\000r\000k}{section.5.2}% 89
\BOOKMARK [2][-]{subsection.5.2.4}{\376\377\000D\000a\000t\000a\000b\000a\000s\000e}{section.5.2}% 90
\BOOKMARK [1][-]{section.5.3}{\376\377\000U\000s\000e\000r\000\040\000M\000a\000n\000a\000g\000e\000m\000e\000n\000t\000\040\000I\000m\000p\000l\000e\000m\000e\000n\000t\000a\000t\000i\000o\000n}{chapter.5}% 91
\BOOKMARK [2][-]{subsection.5.3.1}{\376\377\000S\000t\000a\000n\000d\000a\000r\000d\000\040\000U\000s\000e\000r\000\040\000M\000a\000n\000a\000g\000e\000m\000e\000n\000t}{section.5.3}% 92
\BOOKMARK [2][-]{subsection.5.3.2}{\376\377\000R\000e\000m\000o\000t\000e\000\040\000A\000u\000t\000h\000e\000n\000t\000i\000c\000a\000t\000i\000o\000n}{section.5.3}% 93
\BOOKMARK [1][-]{section.5.4}{\376\377\000G\000a\000m\000e\000p\000l\000a\000y\000\040\000a\000n\000d\000\040\000U\000s\000e\000r\000\040\000E\000x\000p\000e\000r\000i\000e\000n\000c\000e\000\040\000I\000m\000p\000l\000e\000m\000e\000n\000t\000a\000t\000i\000o\000n}{chapter.5}% 94
\BOOKMARK [2][-]{subsection.5.4.1}{\376\377\000R\000e\000m\000o\000t\000e\000\040\000P\000l\000a\000y\000e\000r\000s}{section.5.4}% 95
\BOOKMARK [2][-]{subsection.5.4.2}{\376\377\000M\000u\000l\000t\000i\000p\000l\000a\000y\000e\000r\000\040\000\050\000m\000o\000r\000e\000\040\000t\000h\000a\000n\000\040\0002\000\040\000p\000l\000a\000y\000e\000r\000s\000\051}{section.5.4}% 96
\BOOKMARK [1][-]{section.5.5}{\376\377\000A\000I\000-\000A\000l\000g\000o\000\040\000I\000m\000p\000l\000e\000m\000e\000n\000t\000a\000t\000i\000o\000n}{chapter.5}% 97
\BOOKMARK [2][-]{subsection.5.5.1}{\376\377\000A\000I\000\040\000O\000p\000p\000o\000n\000e\000n\000t}{section.5.5}% 98
\BOOKMARK [2][-]{subsection.5.5.2}{\376\377\000U\000s\000e\000r\000\040\000a\000n\000d\000\040\000G\000a\000m\000e\000\040\000S\000t\000a\000t\000s\000\040\000D\000a\000s\000h\000b\000o\000a\000r\000d\000s}{section.5.5}% 99
\BOOKMARK [1][-]{section.5.6}{\376\377\000C\000y\000b\000e\000r\000s\000e\000c\000u\000r\000i\000t\000y\000\040\000I\000m\000p\000l\000e\000m\000e\000n\000t\000a\000t\000i\000o\000n}{chapter.5}% 100
\BOOKMARK [2][-]{subsection.5.6.1}{\376\377\000W\000A\000F\000/\000M\000o\000d\000S\000e\000c\000u\000r\000i\000t\000y\000\040\000w\000i\000t\000h\000\040\000V\000a\000u\000l\000t}{section.5.6}% 101
\BOOKMARK [1][-]{section.5.7}{\376\377\000D\000e\000v\000o\000p\000s\000\040\000I\000m\000p\000l\000e\000m\000e\000n\000t\000a\000t\000i\000o\000n}{chapter.5}% 102
\BOOKMARK [2][-]{subsection.5.7.1}{\376\377\000M\000i\000c\000r\000o\000s\000e\000r\000v\000i\000c\000e\000s\000\040\000A\000r\000c\000h\000i\000t\000e\000c\000t\000u\000r\000e}{section.5.7}% 103
\BOOKMARK [1][-]{section.5.8}{\376\377\000A\000c\000c\000e\000s\000s\000i\000b\000i\000l\000i\000t\000y\000\040\000I\000m\000p\000l\000e\000m\000e\000n\000t\000a\000t\000i\000o\000n}{chapter.5}% 104
\BOOKMARK [0][-]{chapter.6}{\376\377\000T\000e\000s\000t\000i\000n\000g}{}% 105
\BOOKMARK [1][-]{section.6.1}{\376\377\000T\000e\000s\000t\000\040\000R\000e\000s\000u\000l\000t\000s\000\040\000S\000u\000m\000m\000a\000r\000y}{chapter.6}% 106
\BOOKMARK [1][-]{section.6.2}{\376\377\000M\000a\000n\000u\000a\000l\000\040\000T\000e\000s\000t\000i\000n\000g\000\040\000P\000r\000o\000c\000e\000d\000u\000r\000e\000s}{chapter.6}% 107
\BOOKMARK [2][-]{subsection.6.2.1}{\376\377\000U\000s\000e\000r\000\040\000W\000o\000r\000k\000f\000l\000o\000w\000\040\000T\000e\000s\000t\000i\000n\000g}{section.6.2}% 108
\BOOKMARK [2][-]{subsection.6.2.2}{\376\377\000M\000a\000n\000u\000a\000l\000\040\000T\000e\000s\000t\000\040\000C\000a\000t\000e\000g\000o\000r\000i\000e\000s}{section.6.2}% 109
\BOOKMARK [1][-]{section.6.3}{\376\377\000M\000a\000n\000u\000a\000l\000\040\000V\000e\000r\000i\000f\000i\000c\000a\000t\000i\000o\000n\000\040\000P\000r\000o\000c\000e\000d\000u\000r\000e\000s}{chapter.6}% 110
\BOOKMARK [2][-]{subsection.6.3.1}{\376\377\000S\000e\000r\000v\000i\000c\000e\000\040\000H\000e\000a\000l\000t\000h\000\040\000C\000h\000e\000c\000k\000s}{section.6.3}% 111
\BOOKMARK [2][-]{subsection.6.3.2}{\376\377\000M\000o\000d\000u\000l\000e\000-\000S\000p\000e\000c\000i\000f\000i\000c\000\040\000V\000e\000r\000i\000f\000i\000c\000a\000t\000i\000o\000n}{section.6.3}% 112
\BOOKMARK [2][-]{subsection.6.3.3}{\376\377\000I\000n\000t\000e\000g\000r\000a\000t\000i\000o\000n\000\040\000T\000e\000s\000t\000i\000n\000g}{section.6.3}% 113
\BOOKMARK [1][-]{section.6.4}{\376\377\000M\000a\000n\000u\000a\000l\000\040\000U\000s\000e\000r\000\040\000A\000c\000c\000e\000p\000t\000a\000n\000c\000e\000\040\000T\000e\000s\000t\000i\000n\000g}{chapter.6}% 114
\BOOKMARK [2][-]{subsection.6.4.1}{\376\377\000T\000e\000s\000t\000\040\000S\000c\000e\000n\000a\000r\000i\000o\000s}{section.6.4}% 115
\BOOKMARK [0][-]{chapter.7}{\376\377\000E\000v\000o\000l\000u\000t\000i\000o\000n}{}% 116
\BOOKMARK [1][-]{section.7.1}{\376\377\000C\000u\000r\000r\000e\000n\000t\000\040\000S\000t\000a\000t\000e}{chapter.7}% 117
\BOOKMARK [0][-]{chapter.8}{\376\377\000C\000o\000n\000c\000l\000u\000s\000i\000o\000n}{}% 118
\BOOKMARK [0][-]{appendix.A}{\376\377\000D\000a\000t\000a\000\040\000F\000l\000o\000w\000\040\000a\000n\000d\000\040\000S\000y\000s\000t\000e\000m\000\040\000D\000i\000a\000g\000r\000a\000m\000s}{}% 119
\BOOKMARK [1][-]{section.A.1}{\376\377\000G\000a\000m\000e\000\040\000M\000a\000t\000c\000h\000\040\000D\000a\000t\000a\000\040\000F\000l\000o\000w}{appendix.A}% 120
\BOOKMARK [0][-]{appendix.B}{\376\377\000C\000o\000d\000e\000\040\000R\000e\000p\000o\000s\000i\000t\000o\000r\000y\000\040\000S\000t\000r\000u\000c\000t\000u\000r\000e}{}% 121
\BOOKMARK [0][-]{appendix.C}{\376\377\000D\000e\000p\000l\000o\000y\000m\000e\000n\000t\000\040\000\046\000\040\000O\000p\000e\000r\000a\000t\000i\000o\000n\000s}{}% 122
\BOOKMARK [1][-]{section.C.1}{\376\377\000Q\000u\000i\000c\000k\000\040\000S\000t\000a\000r\000t}{appendix.C}% 123
\BOOKMARK [1][-]{section.C.2}{\376\377\000S\000e\000r\000v\000i\000c\000e\000\040\000U\000R\000L\000s}{appendix.C}% 124
\BOOKMARK [1][-]{section.C.3}{\376\377\000S\000t\000o\000p\000p\000i\000n\000g\000\040\000S\000e\000r\000v\000i\000c\000e\000s}{appendix.C}% 125
\BOOKMARK [0][-]{appendix.D}{\376\377\000G\000l\000o\000s\000s\000a\000r\000y}{}% 126
