\BOOKMARK [0][-]{chapter.1}{\376\377\000I\000n\000t\000r\000o\000d\000u\000c\000t\000i\000o\000n}{}% 1
\BOOKMARK [1][-]{section.1.1}{\376\377\000P\000r\000o\000j\000e\000c\000t\000\040\000O\000v\000e\000r\000v\000i\000e\000w}{chapter.1}% 2
\BOOKMARK [1][-]{section.1.2}{\376\377\000P\000r\000o\000j\000e\000c\000t\000\040\000O\000b\000j\000e\000c\000t\000i\000v\000e\000s}{chapter.1}% 3
\BOOKMARK [2][-]{subsection.1.2.1}{\376\377\000P\000r\000i\000m\000a\000r\000y\000\040\000O\000b\000j\000e\000c\000t\000i\000v\000e\000s}{section.1.2}% 4
\BOOKMARK [2][-]{subsection.1.2.2}{\376\377\000Q\000u\000a\000l\000i\000t\000y\000\040\000M\000e\000t\000r\000i\000c\000s}{section.1.2}% 5
\BOOKMARK [0][-]{chapter.2}{\376\377\000S\000o\000f\000t\000w\000a\000r\000e\000\040\000D\000e\000v\000e\000l\000o\000p\000m\000e\000n\000t\000\040\000L\000i\000f\000e\000\040\000C\000y\000c\000l\000e\000\040\000\050\000S\000D\000L\000C\000\051}{}% 6
\BOOKMARK [1][-]{section.2.1}{\376\377\000S\000D\000L\000C\000\040\000A\000p\000p\000r\000o\000a\000c\000h}{chapter.2}% 7
\BOOKMARK [2][-]{subsection.2.1.1}{\376\377\0001\000.\000\040\000P\000l\000a\000n\000n\000i\000n\000g\000\040\000\046\000\040\000R\000e\000q\000u\000i\000r\000e\000m\000e\000n\000t\000s\000\040\000A\000n\000a\000l\000y\000s\000i\000s}{section.2.1}% 8
\BOOKMARK [2][-]{subsection.2.1.2}{\376\377\0002\000.\000\040\000A\000r\000c\000h\000i\000t\000e\000c\000t\000u\000r\000a\000l\000\040\000D\000e\000s\000i\000g\000n}{section.2.1}% 9
\BOOKMARK [2][-]{subsection.2.1.3}{\376\377\0003\000.\000\040\000I\000m\000p\000l\000e\000m\000e\000n\000t\000a\000t\000i\000o\000n\000\040\000\050\000I\000t\000e\000r\000a\000t\000i\000v\000e\000\051}{section.2.1}% 10
\BOOKMARK [2][-]{subsection.2.1.4}{\376\377\0004\000.\000\040\000T\000e\000s\000t\000i\000n\000g\000\040\000\046\000\040\000V\000a\000l\000i\000d\000a\000t\000i\000o\000n}{section.2.1}% 11
\BOOKMARK [2][-]{subsection.2.1.5}{\376\377\0005\000.\000\040\000D\000e\000p\000l\000o\000y\000m\000e\000n\000t\000\040\000\046\000\040\000E\000v\000o\000l\000u\000t\000i\000o\000n}{section.2.1}% 12
\BOOKMARK [1][-]{section.2.2}{\376\377\000P\000r\000o\000j\000e\000c\000t\000\040\000T\000i\000m\000e\000l\000i\000n\000e\000\040\000a\000n\000d\000\040\000G\000a\000n\000t\000t\000\040\000C\000h\000a\000r\000t}{chapter.2}% 13
\BOOKMARK [0][-]{chapter.3}{\376\377\000R\000e\000q\000u\000i\000r\000e\000m\000e\000n\000t\000\040\000A\000n\000a\000l\000y\000s\000i\000s}{}% 14
\BOOKMARK [1][-]{section.3.1}{\376\377\000F\000u\000n\000c\000t\000i\000o\000n\000a\000l\000\040\000R\000e\000q\000u\000i\000r\000e\000m\000e\000n\000t\000s}{chapter.3}% 15
\BOOKMARK [2][-]{subsection.3.1.1}{\376\377\000U\000s\000e\000r\000\040\000M\000a\000n\000a\000g\000e\000m\000e\000n\000t\000\040\000\046\000\040\000A\000u\000t\000h\000e\000n\000t\000i\000c\000a\000t\000i\000o\000n}{section.3.1}% 16
\BOOKMARK [2][-]{subsection.3.1.2}{\376\377\000G\000a\000m\000e\000p\000l\000a\000y\000\040\000\046\000\040\000R\000e\000a\000l\000-\000T\000i\000m\000e\000\040\000F\000e\000a\000t\000u\000r\000e\000s}{section.3.1}% 17
\BOOKMARK [2][-]{subsection.3.1.3}{\376\377\000S\000o\000c\000i\000a\000l\000\040\000\046\000\040\000L\000e\000a\000d\000e\000r\000b\000o\000a\000r\000d\000\040\000F\000e\000a\000t\000u\000r\000e\000s}{section.3.1}% 18
\BOOKMARK [2][-]{subsection.3.1.4}{\376\377\000T\000o\000u\000r\000n\000a\000m\000e\000n\000t\000\040\000M\000a\000n\000a\000g\000e\000m\000e\000n\000t}{section.3.1}% 19
\BOOKMARK [2][-]{subsection.3.1.5}{\376\377\000G\000D\000P\000R\000\040\000C\000o\000m\000p\000l\000i\000a\000n\000c\000e}{section.3.1}% 20
\BOOKMARK [1][-]{section.3.2}{\376\377\000T\000e\000c\000h\000n\000i\000c\000a\000l\000\040\000R\000e\000q\000u\000i\000r\000e\000m\000e\000n\000t\000s}{chapter.3}% 21
\BOOKMARK [2][-]{subsection.3.2.1}{\376\377\000A\000r\000c\000h\000i\000t\000e\000c\000t\000u\000r\000e\000\040\000\046\000\040\000I\000n\000f\000r\000a\000s\000t\000r\000u\000c\000t\000u\000r\000e}{section.3.2}% 22
\BOOKMARK [2][-]{subsection.3.2.2}{\376\377\000T\000e\000c\000h\000n\000o\000l\000o\000g\000y\000\040\000S\000t\000a\000c\000k}{section.3.2}% 23
\BOOKMARK [2][-]{subsection.3.2.3}{\376\377\000S\000e\000c\000u\000r\000i\000t\000y\000\040\000R\000e\000q\000u\000i\000r\000e\000m\000e\000n\000t\000s}{section.3.2}% 24
\BOOKMARK [2][-]{subsection.3.2.4}{\376\377\000P\000e\000r\000f\000o\000r\000m\000a\000n\000c\000e\000\040\000R\000e\000q\000u\000i\000r\000e\000m\000e\000n\000t\000s}{section.3.2}% 25
\BOOKMARK [0][-]{chapter.4}{\376\377\000D\000e\000s\000i\000g\000n}{}% 26
\BOOKMARK [1][-]{section.4.1}{\376\377\000S\000y\000s\000t\000e\000m\000\040\000A\000r\000c\000h\000i\000t\000e\000c\000t\000u\000r\000e}{chapter.4}% 27
\BOOKMARK [2][-]{subsection.4.1.1}{\376\377\000H\000i\000g\000h\000-\000L\000e\000v\000e\000l\000\040\000A\000r\000c\000h\000i\000t\000e\000c\000t\000u\000r\000e}{section.4.1}% 28
\BOOKMARK [2][-]{subsection.4.1.2}{\376\377\000D\000e\000p\000l\000o\000y\000m\000e\000n\000t\000\040\000T\000o\000p\000o\000l\000o\000g\000y}{section.4.1}% 29
\BOOKMARK [2][-]{subsection.4.1.3}{\376\377\000S\000e\000r\000v\000i\000c\000e\000\040\000R\000e\000s\000p\000o\000n\000s\000i\000b\000i\000l\000i\000t\000i\000e\000s}{section.4.1}% 30
\BOOKMARK [1][-]{section.4.2}{\376\377\000D\000a\000t\000a\000\040\000M\000o\000d\000e\000l}{chapter.4}% 31
\BOOKMARK [2][-]{subsection.4.2.1}{\376\377\000A\000u\000t\000h\000\040\000S\000e\000r\000v\000i\000c\000e\000\040\000D\000a\000t\000a\000b\000a\000s\000e\000\040\000\050\000a\000u\000t\000h\000.\000d\000b\000\051}{section.4.2}% 32
\BOOKMARK [2][-]{subsection.4.2.2}{\376\377\000U\000s\000e\000r\000\040\000S\000e\000r\000v\000i\000c\000e\000\040\000D\000a\000t\000a\000b\000a\000s\000e\000\040\000\050\000u\000s\000e\000r\000s\000.\000d\000b\000\051}{section.4.2}% 33
\BOOKMARK [2][-]{subsection.4.2.3}{\376\377\000G\000a\000m\000e\000\040\000S\000e\000r\000v\000i\000c\000e\000\040\000D\000a\000t\000a\000b\000a\000s\000e\000\040\000\050\000g\000a\000m\000e\000s\000.\000d\000b\000\051}{section.4.2}% 34
\BOOKMARK [2][-]{subsection.4.2.4}{\376\377\000T\000o\000u\000r\000n\000a\000m\000e\000n\000t\000\040\000S\000e\000r\000v\000i\000c\000e\000\040\000D\000a\000t\000a\000b\000a\000s\000e\000\040\000\050\000t\000o\000u\000r\000n\000a\000m\000e\000n\000t\000s\000.\000d\000b\000\051}{section.4.2}% 35
\BOOKMARK [1][-]{section.4.3}{\376\377\000S\000e\000c\000u\000r\000i\000t\000y\000\040\000D\000e\000s\000i\000g\000n}{chapter.4}% 36
\BOOKMARK [2][-]{subsection.4.3.1}{\376\377\000H\000T\000T\000P\000S\000\040\000a\000n\000d\000\040\000S\000e\000c\000u\000r\000i\000t\000y\000\040\000C\000e\000r\000t\000i\000f\000i\000c\000a\000t\000e\000s}{section.4.3}% 37
\BOOKMARK [2][-]{subsection.4.3.2}{\376\377\000L\000a\000y\000e\000r\000\040\0001\000:\000\040\000N\000e\000t\000w\000o\000r\000k\000\040\000S\000e\000c\000u\000r\000i\000t\000y}{section.4.3}% 38
\BOOKMARK [2][-]{subsection.4.3.3}{\376\377\000L\000a\000y\000e\000r\000\040\0002\000:\000\040\000A\000p\000p\000l\000i\000c\000a\000t\000i\000o\000n\000\040\000S\000e\000c\000u\000r\000i\000t\000y}{section.4.3}% 39
\BOOKMARK [2][-]{subsection.4.3.4}{\376\377\000L\000a\000y\000e\000r\000\040\0003\000:\000\040\000A\000u\000t\000h\000e\000n\000t\000i\000c\000a\000t\000i\000o\000n\000\040\000\046\000\040\000A\000u\000t\000h\000o\000r\000i\000z\000a\000t\000i\000o\000n}{section.4.3}% 40
\BOOKMARK [2][-]{subsection.4.3.5}{\376\377\000L\000a\000y\000e\000r\000\040\0004\000:\000\040\000D\000a\000t\000a\000\040\000P\000r\000o\000t\000e\000c\000t\000i\000o\000n}{section.4.3}% 41
\BOOKMARK [2][-]{subsection.4.3.6}{\376\377\000S\000e\000c\000u\000r\000i\000t\000y\000\040\000I\000m\000p\000l\000e\000m\000e\000n\000t\000a\000t\000i\000o\000n\000\040\000D\000e\000t\000a\000i\000l\000s}{section.4.3}% 42
\BOOKMARK [0][-]{chapter.5}{\376\377\000I\000m\000p\000l\000e\000m\000e\000n\000t\000a\000t\000i\000o\000n}{}% 43
\BOOKMARK [1][-]{section.5.1}{\376\377\000G\000a\000m\000e\000\040\000L\000o\000o\000p\000\040\000S\000y\000n\000c\000h\000r\000o\000n\000i\000z\000a\000t\000i\000o\000n}{chapter.5}% 44
\BOOKMARK [1][-]{section.5.2}{\376\377\000U\000s\000e\000r\000\040\000A\000u\000t\000h\000e\000n\000t\000i\000c\000a\000t\000i\000o\000n\000\040\000F\000l\000o\000w}{chapter.5}% 45
\BOOKMARK [2][-]{subsection.5.2.1}{\376\377\000A\000u\000t\000h\000e\000n\000t\000i\000c\000a\000t\000i\000o\000n\000\040\000U\000I\000\040\000I\000m\000p\000l\000e\000m\000e\000n\000t\000a\000t\000i\000o\000n}{section.5.2}% 46
\BOOKMARK [1][-]{section.5.3}{\376\377\000T\000e\000c\000h\000n\000o\000l\000o\000g\000y\000\040\000S\000t\000a\000c\000k\000\040\000S\000u\000m\000m\000a\000r\000y}{chapter.5}% 47
\BOOKMARK [1][-]{section.5.4}{\376\377\000C\000o\000r\000e\000\040\000M\000o\000d\000u\000l\000e\000s\000\040\000I\000m\000p\000l\000e\000m\000e\000n\000t\000a\000t\000i\000o\000n}{chapter.5}% 48
\BOOKMARK [2][-]{subsection.5.4.1}{\376\377\000M\000a\000n\000d\000a\000t\000o\000r\000y\000\040\000P\000a\000r\000t\000\040\000\050\0002\0005\000\040\000P\000o\000i\000n\000t\000s\000\051}{section.5.4}% 49
\BOOKMARK [2][-]{subsection.5.4.2}{\376\377\000M\000a\000j\000o\000r\000\040\000M\000o\000d\000u\000l\000e\000s\000\040\000\050\0007\0000\000\040\000P\000o\000i\000n\000t\000s\000\051}{section.5.4}% 50
\BOOKMARK [2][-]{subsection.5.4.3}{\376\377\000M\000i\000n\000o\000r\000\040\000M\000o\000d\000u\000l\000e\000s\000\040\000\050\0005\0005\000\040\000P\000o\000i\000n\000t\000s\000\051}{section.5.4}% 51
\BOOKMARK [0][-]{chapter.6}{\376\377\000U\000s\000e\000r\000\040\000I\000n\000t\000e\000r\000f\000a\000c\000e\000\040\000a\000n\000d\000\040\000G\000a\000m\000e\000p\000l\000a\000y\000\040\000D\000e\000m\000o\000n\000s\000t\000r\000a\000t\000i\000o\000n}{}% 52
\BOOKMARK [1][-]{section.6.1}{\376\377\000M\000a\000i\000n\000\040\000M\000e\000n\000u\000\040\000a\000n\000d\000\040\000G\000a\000m\000e\000\040\000M\000o\000d\000e\000s}{chapter.6}% 53
\BOOKMARK [2][-]{subsection.6.1.1}{\376\377\000M\000a\000i\000n\000\040\000M\000e\000n\000u\000\040\000I\000n\000t\000e\000r\000f\000a\000c\000e}{section.6.1}% 54
\BOOKMARK [2][-]{subsection.6.1.2}{\376\377\000G\000a\000m\000e\000\040\000M\000o\000d\000e\000\040\000S\000e\000l\000e\000c\000t\000i\000o\000n}{section.6.1}% 55
\BOOKMARK [1][-]{section.6.2}{\376\377\000G\000a\000m\000e\000p\000l\000a\000y\000\040\000i\000n\000\040\000A\000c\000t\000i\000o\000n}{chapter.6}% 56
\BOOKMARK [2][-]{subsection.6.2.1}{\376\377\000A\000r\000c\000a\000d\000e\000\040\000M\000o\000d\000e\000\040\000-\000\040\000M\000u\000l\000t\000i\000p\000l\000a\000y\000e\000r\000\040\000P\000o\000n\000g}{section.6.2}% 57
\BOOKMARK [2][-]{subsection.6.2.2}{\376\377\000A\000r\000c\000a\000d\000e\000\040\000M\000o\000d\000e\000\040\000S\000e\000t\000t\000i\000n\000g\000s}{section.6.2}% 58
\BOOKMARK [2][-]{subsection.6.2.3}{\376\377\000C\000a\000m\000p\000a\000i\000g\000n\000\040\000M\000o\000d\000e\000\040\000-\000\040\000S\000i\000n\000g\000l\000e\000\040\000P\000l\000a\000y\000e\000r}{section.6.2}% 59
\BOOKMARK [2][-]{subsection.6.2.4}{\376\377\000C\000a\000m\000p\000a\000i\000g\000n\000\040\000L\000e\000v\000e\000l\000\040\000P\000r\000o\000g\000r\000e\000s\000s\000i\000o\000n}{section.6.2}% 60
\BOOKMARK [2][-]{subsection.6.2.5}{\376\377\000C\000a\000m\000p\000a\000i\000g\000n\000\040\000w\000i\000t\000h\000\040\000A\000I\000\040\000B\000o\000t}{section.6.2}% 61
\BOOKMARK [2][-]{subsection.6.2.6}{\376\377\000C\000a\000m\000p\000a\000i\000g\000n\000\040\000R\000e\000t\000r\000y}{section.6.2}% 62
\BOOKMARK [1][-]{section.6.3}{\376\377\000T\000o\000u\000r\000n\000a\000m\000e\000n\000t\000\040\000F\000e\000a\000t\000u\000r\000e\000s}{chapter.6}% 63
\BOOKMARK [2][-]{subsection.6.3.1}{\376\377\000T\000o\000u\000r\000n\000a\000m\000e\000n\000t\000\040\000M\000o\000d\000e\000\040\000S\000e\000l\000e\000c\000t\000i\000o\000n}{section.6.3}% 64
\BOOKMARK [2][-]{subsection.6.3.2}{\376\377\000T\000o\000u\000r\000n\000a\000m\000e\000n\000t\000\040\000B\000r\000a\000c\000k\000e\000t\000\040\000M\000a\000t\000c\000h\000e\000s}{section.6.3}% 65
\BOOKMARK [2][-]{subsection.6.3.3}{\376\377\000T\000o\000u\000r\000n\000a\000m\000e\000n\000t\000\040\000G\000a\000m\000e\000\040\000i\000n\000\040\000P\000r\000o\000g\000r\000e\000s\000s}{section.6.3}% 66
\BOOKMARK [2][-]{subsection.6.3.4}{\376\377\000T\000o\000u\000r\000n\000a\000m\000e\000n\000t\000\040\000M\000a\000t\000c\000h\000\040\000R\000e\000s\000u\000l\000t\000s}{section.6.3}% 67
\BOOKMARK [2][-]{subsection.6.3.5}{\376\377\000T\000o\000u\000r\000n\000a\000m\000e\000n\000t\000\040\000G\000a\000m\000e\000s\000\040\000L\000i\000s\000t}{section.6.3}% 68
\BOOKMARK [1][-]{section.6.4}{\376\377\000U\000s\000e\000r\000\040\000P\000r\000o\000f\000i\000l\000e\000\040\000a\000n\000d\000\040\000S\000t\000a\000t\000i\000s\000t\000i\000c\000s}{chapter.6}% 69
\BOOKMARK [2][-]{subsection.6.4.1}{\376\377\000U\000s\000e\000r\000\040\000D\000a\000s\000h\000b\000o\000a\000r\000d\000\040\000a\000n\000d\000\040\000P\000r\000o\000f\000i\000l\000e}{section.6.4}% 70
\BOOKMARK [2][-]{subsection.6.4.2}{\376\377\000G\000a\000m\000e\000\040\000S\000t\000a\000t\000i\000s\000t\000i\000c\000s}{section.6.4}% 71
\BOOKMARK [2][-]{subsection.6.4.3}{\376\377\000M\000a\000t\000c\000h\000\040\000H\000i\000s\000t\000o\000r\000y}{section.6.4}% 72
\BOOKMARK [1][-]{section.6.5}{\376\377\000B\000l\000o\000c\000k\000c\000h\000a\000i\000n\000\040\000I\000n\000t\000e\000g\000r\000a\000t\000i\000o\000n}{chapter.6}% 73
\BOOKMARK [2][-]{subsection.6.5.1}{\376\377\000B\000l\000o\000c\000k\000c\000h\000a\000i\000n\000\040\000T\000o\000u\000r\000n\000a\000m\000e\000n\000t\000\040\000R\000e\000c\000o\000r\000d}{section.6.5}% 74
\BOOKMARK [1][-]{section.6.6}{\376\377\000T\000e\000s\000t\000i\000n\000g\000\040\000S\000t\000r\000a\000t\000e\000g\000y}{chapter.6}% 75
\BOOKMARK [1][-]{section.6.7}{\376\377\000A\000u\000t\000o\000m\000a\000t\000e\000d\000\040\000T\000e\000s\000t\000\040\000R\000e\000s\000u\000l\000t\000s}{chapter.6}% 76
\BOOKMARK [2][-]{subsection.6.7.1}{\376\377\000O\000v\000e\000r\000a\000l\000l\000\040\000T\000e\000s\000t\000\040\000M\000e\000t\000r\000i\000c\000s}{section.6.7}% 77
\BOOKMARK [2][-]{subsection.6.7.2}{\376\377\000M\000o\000d\000u\000l\000e\000\040\000T\000e\000s\000t\000\040\000B\000r\000e\000a\000k\000d\000o\000w\000n}{section.6.7}% 78
\BOOKMARK [1][-]{section.6.8}{\376\377\000T\000e\000s\000t\000\040\000E\000x\000e\000c\000u\000t\000i\000o\000n\000\040\000i\000n\000\040\000B\000r\000o\000w\000s\000e\000r}{chapter.6}% 79
\BOOKMARK [2][-]{subsection.6.8.1}{\376\377\000R\000u\000n\000n\000i\000n\000g\000\040\000T\000e\000s\000t\000s\000\040\000i\000n\000\040\000B\000r\000o\000w\000s\000e\000r}{section.6.8}% 80
\BOOKMARK [2][-]{subsection.6.8.2}{\376\377\000B\000r\000o\000w\000s\000e\000r\000\040\000T\000e\000s\000t\000\040\000D\000a\000s\000h\000b\000o\000a\000r\000d\000\040\000F\000e\000a\000t\000u\000r\000e\000s}{section.6.8}% 81
\BOOKMARK [1][-]{section.6.9}{\376\377\000T\000e\000s\000t\000\040\000E\000x\000e\000c\000u\000t\000i\000o\000n\000\040\000i\000n\000\040\000T\000e\000r\000m\000i\000n\000a\000l}{chapter.6}% 82
\BOOKMARK [2][-]{subsection.6.9.1}{\376\377\000R\000u\000n\000\040\000A\000l\000l\000\040\000T\000e\000s\000t\000s}{section.6.9}% 83
\BOOKMARK [2][-]{subsection.6.9.2}{\376\377\000R\000u\000n\000\040\000S\000p\000e\000c\000i\000f\000i\000c\000\040\000M\000o\000d\000u\000l\000e\000\040\000T\000e\000s\000t\000s}{section.6.9}% 84
\BOOKMARK [2][-]{subsection.6.9.3}{\376\377\000T\000e\000r\000m\000i\000n\000a\000l\000\040\000O\000u\000t\000p\000u\000t\000\040\000E\000x\000a\000m\000p\000l\000e}{section.6.9}% 85
\BOOKMARK [1][-]{section.6.10}{\376\377\000M\000a\000n\000u\000a\000l\000\040\000U\000s\000e\000r\000\040\000A\000c\000c\000e\000p\000t\000a\000n\000c\000e\000\040\000T\000e\000s\000t\000i\000n\000g}{chapter.6}% 86
\BOOKMARK [2][-]{subsection.6.10.1}{\376\377\000T\000e\000s\000t\000\040\000S\000c\000e\000n\000a\000r\000i\000o\000s}{section.6.10}% 87
\BOOKMARK [0][-]{chapter.7}{\376\377\000E\000v\000o\000l\000u\000t\000i\000o\000n\000\040\000\046\000\040\000F\000u\000t\000u\000r\000e\000\040\000W\000o\000r\000k}{}% 88
\BOOKMARK [1][-]{section.7.1}{\376\377\000C\000u\000r\000r\000e\000n\000t\000\040\000S\000t\000a\000t\000e}{chapter.7}% 89
\BOOKMARK [1][-]{section.7.2}{\376\377\000F\000u\000t\000u\000r\000e\000\040\000E\000n\000h\000a\000n\000c\000e\000m\000e\000n\000t\000s}{chapter.7}% 90
\BOOKMARK [2][-]{subsection.7.2.1}{\376\377\000P\000h\000a\000s\000e\000\040\0002\000:\000\040\000P\000r\000o\000d\000u\000c\000t\000i\000o\000n\000\040\000H\000a\000r\000d\000e\000n\000i\000n\000g}{section.7.2}% 91
\BOOKMARK [2][-]{subsection.7.2.2}{\376\377\000P\000h\000a\000s\000e\000\040\0003\000:\000\040\000D\000i\000s\000t\000r\000i\000b\000u\000t\000e\000d\000\040\000D\000e\000p\000l\000o\000y\000m\000e\000n\000t}{section.7.2}% 92
\BOOKMARK [2][-]{subsection.7.2.3}{\376\377\000P\000h\000a\000s\000e\000\040\0004\000:\000\040\000E\000n\000h\000a\000n\000c\000e\000d\000\040\000F\000e\000a\000t\000u\000r\000e\000s}{section.7.2}% 93
\BOOKMARK [0][-]{chapter.8}{\376\377\000C\000o\000n\000c\000l\000u\000s\000i\000o\000n}{}% 94
\BOOKMARK [0][-]{appendix.A}{\376\377\000G\000a\000n\000t\000t\000\040\000C\000h\000a\000r\000t\000\040\000a\000n\000d\000\040\000P\000r\000o\000j\000e\000c\000t\000\040\000T\000i\000m\000e\000l\000i\000n\000e}{}% 95
\BOOKMARK [0][-]{appendix.B}{\376\377\000D\000a\000t\000a\000\040\000F\000l\000o\000w\000\040\000a\000n\000d\000\040\000S\000y\000s\000t\000e\000m\000\040\000D\000i\000a\000g\000r\000a\000m\000s}{}% 96
\BOOKMARK [1][-]{section.B.1}{\376\377\000G\000a\000m\000e\000\040\000M\000a\000t\000c\000h\000\040\000D\000a\000t\000a\000\040\000F\000l\000o\000w}{appendix.B}% 97
\BOOKMARK [1][-]{section.B.2}{\376\377\000G\000D\000P\000R\000\040\000C\000o\000m\000p\000l\000i\000a\000n\000c\000e\000\040\000D\000a\000t\000a\000\040\000F\000l\000o\000w}{appendix.B}% 98
\BOOKMARK [0][-]{appendix.C}{\376\377\000R\000i\000s\000k\000\040\000R\000e\000g\000i\000s\000t\000e\000r\000\040\000a\000n\000d\000\040\000R\000i\000s\000k\000\040\000M\000a\000t\000r\000i\000x}{}% 99
\BOOKMARK [0][-]{appendix.D}{\376\377\000C\000o\000d\000e\000\040\000R\000e\000p\000o\000s\000i\000t\000o\000r\000y\000\040\000S\000t\000r\000u\000c\000t\000u\000r\000e}{}% 100
\BOOKMARK [0][-]{appendix.E}{\376\377\000D\000e\000p\000l\000o\000y\000m\000e\000n\000t\000\040\000\046\000\040\000O\000p\000e\000r\000a\000t\000i\000o\000n\000s}{}% 101
\BOOKMARK [1][-]{section.E.1}{\376\377\000Q\000u\000i\000c\000k\000\040\000S\000t\000a\000r\000t}{appendix.E}% 102
\BOOKMARK [1][-]{section.E.2}{\376\377\000S\000e\000r\000v\000i\000c\000e\000\040\000U\000R\000L\000s}{appendix.E}% 103
\BOOKMARK [1][-]{section.E.3}{\376\377\000S\000t\000o\000p\000p\000i\000n\000g\000\040\000S\000e\000r\000v\000i\000c\000e\000s}{appendix.E}% 104
\BOOKMARK [0][-]{appendix.F}{\376\377\000G\000l\000o\000s\000s\000a\000r\000y}{}% 105
\BOOKMARK [0][-]{appendix.G}{\376\377\000R\000e\000f\000e\000r\000e\000n\000c\000e\000s}{}% 106
