\BOOKMARK [0][-]{chapter*.2}{\376\377\000L\000i\000s\000t\000\040\000o\000f\000\040\000F\000i\000g\000u\000r\000e\000s}{}% 1
\BOOKMARK [0][-]{chapter*.3}{\376\377\000L\000i\000s\000t\000\040\000o\000f\000\040\000T\000a\000b\000l\000e\000s}{}% 2
\BOOKMARK [0][-]{chapter*.4}{\376\377\000L\000i\000s\000t\000\040\000o\000f\000\040\000A\000b\000b\000r\000e\000v\000i\000a\000t\000i\000o\000n\000s}{}% 3
\BOOKMARK [0][-]{chapter.1}{\376\377\000I\000n\000t\000r\000o\000d\000u\000c\000t\000i\000o\000n}{}% 4
\BOOKMARK [1][-]{section.1.1}{\376\377\000P\000r\000o\000j\000e\000c\000t\000\040\000O\000v\000e\000r\000v\000i\000e\000w}{chapter.1}% 5
\BOOKMARK [1][-]{section.1.2}{\376\377\000P\000r\000o\000j\000e\000c\000t\000\040\000O\000b\000j\000e\000c\000t\000i\000v\000e\000s}{chapter.1}% 6
\BOOKMARK [2][-]{subsection.1.2.1}{\376\377\000P\000r\000i\000m\000a\000r\000y\000\040\000O\000b\000j\000e\000c\000t\000i\000v\000e\000s}{section.1.2}% 7
\BOOKMARK [2][-]{subsection.1.2.2}{\376\377\000Q\000u\000a\000l\000i\000t\000y\000\040\000M\000e\000t\000r\000i\000c\000s}{section.1.2}% 8
\BOOKMARK [0][-]{chapter.2}{\376\377\000S\000o\000f\000t\000w\000a\000r\000e\000\040\000D\000e\000v\000e\000l\000o\000p\000m\000e\000n\000t\000\040\000L\000i\000f\000e\000\040\000C\000y\000c\000l\000e\000\040\000\050\000S\000D\000L\000C\000\051}{}% 9
\BOOKMARK [1][-]{section.2.1}{\376\377\000S\000D\000L\000C\000\040\000A\000p\000p\000r\000o\000a\000c\000h}{chapter.2}% 10
\BOOKMARK [2][-]{subsection.2.1.1}{\376\377\000P\000l\000a\000n\000n\000i\000n\000g\000\040\000\046\000\040\000R\000e\000q\000u\000i\000r\000e\000m\000e\000n\000t\000s\000\040\000A\000n\000a\000l\000y\000s\000i\000s}{section.2.1}% 11
\BOOKMARK [2][-]{subsection.2.1.2}{\376\377\000A\000r\000c\000h\000i\000t\000e\000c\000t\000u\000r\000a\000l\000\040\000D\000e\000s\000i\000g\000n}{section.2.1}% 12
\BOOKMARK [2][-]{subsection.2.1.3}{\376\377\000I\000m\000p\000l\000e\000m\000e\000n\000t\000a\000t\000i\000o\000n\000\040\000\050\000I\000t\000e\000r\000a\000t\000i\000v\000e\000\051}{section.2.1}% 13
\BOOKMARK [2][-]{subsection.2.1.4}{\376\377\000D\000e\000p\000l\000o\000y\000m\000e\000n\000t\000\040\000\046\000\040\000E\000v\000o\000l\000u\000t\000i\000o\000n}{section.2.1}% 14
\BOOKMARK [1][-]{section.2.2}{\376\377\000S\000D\000L\000C\000\040\000F\000l\000o\000w\000c\000h\000a\000r\000t}{chapter.2}% 15
\BOOKMARK [1][-]{section.2.3}{\376\377\000P\000r\000o\000j\000e\000c\000t\000\040\000T\000i\000m\000e\000l\000i\000n\000e\000\040\000a\000n\000d\000\040\000G\000a\000n\000t\000t\000\040\000C\000h\000a\000r\000t}{chapter.2}% 16
\BOOKMARK [2][-]{subsection.2.3.1}{\376\377\000G\000a\000n\000t\000t\000\040\000C\000h\000a\000r\000t\000\040\000V\000a\000l\000i\000d\000a\000t\000i\000o\000n}{section.2.3}% 17
\BOOKMARK [2][-]{subsection.2.3.2}{\376\377\000D\000e\000t\000a\000i\000l\000e\000d\000\040\000T\000a\000s\000k\000\040\000A\000s\000s\000i\000g\000n\000m\000e\000n\000t}{section.2.3}% 18
\BOOKMARK [1][-]{section.2.4}{\376\377\000R\000i\000s\000k\000\040\000M\000a\000n\000a\000g\000e\000m\000e\000n\000t}{chapter.2}% 19
\BOOKMARK [2][-]{subsection.2.4.1}{\376\377\000R\000i\000s\000k\000\040\000M\000a\000t\000r\000i\000x}{section.2.4}% 20
\BOOKMARK [2][-]{subsection.2.4.2}{\376\377\000R\000i\000s\000k\000\040\000R\000e\000g\000i\000s\000t\000e\000r}{section.2.4}% 21
\BOOKMARK [2][-]{subsection.2.4.3}{\376\377\000R\000i\000s\000k\000\040\000M\000i\000t\000i\000g\000a\000t\000i\000o\000n\000\040\000I\000n\000t\000e\000g\000r\000a\000t\000i\000o\000n\000\040\000i\000n\000\040\000S\000D\000L\000C}{section.2.4}% 22
\BOOKMARK [0][-]{chapter.3}{\376\377\000R\000e\000q\000u\000i\000r\000e\000m\000e\000n\000t\000\040\000A\000n\000a\000l\000y\000s\000i\000s}{}% 23
\BOOKMARK [1][-]{section.3.1}{\376\377\000H\000i\000g\000h\000-\000L\000e\000v\000e\000l\000\040\000O\000v\000e\000r\000v\000i\000e\000w\000\040\000o\000f\000\040\000R\000e\000q\000u\000i\000r\000e\000m\000e\000n\000t\000s}{chapter.3}% 24
\BOOKMARK [1][-]{section.3.2}{\376\377\000R\000e\000q\000u\000i\000r\000e\000m\000e\000n\000t\000s}{chapter.3}% 25
\BOOKMARK [2][-]{subsection.3.2.1}{\376\377\000F\000u\000n\000c\000t\000i\000o\000n\000a\000l\000\040\000R\000e\000q\000u\000i\000r\000e\000m\000e\000n\000t\000s}{section.3.2}% 26
\BOOKMARK [2][-]{subsection.3.2.2}{\376\377\000T\000e\000c\000h\000n\000i\000c\000a\000l\000\040\000R\000e\000q\000u\000i\000r\000e\000m\000e\000n\000t\000s}{section.3.2}% 27
\BOOKMARK [2][-]{subsection.3.2.3}{\376\377\000N\000o\000n\000-\000F\000u\000n\000c\000t\000i\000o\000n\000a\000l\000\040\000R\000e\000q\000u\000i\000r\000e\000m\000e\000n\000t\000s}{section.3.2}% 28
\BOOKMARK [0][-]{chapter.4}{\376\377\000D\000e\000s\000i\000g\000n}{}% 29
\BOOKMARK [1][-]{section.4.1}{\376\377\000S\000y\000s\000t\000e\000m\000\040\000A\000r\000c\000h\000i\000t\000e\000c\000t\000u\000r\000e}{chapter.4}% 30
\BOOKMARK [2][-]{subsection.4.1.1}{\376\377\000H\000i\000g\000h\000-\000L\000e\000v\000e\000l\000\040\000A\000r\000c\000h\000i\000t\000e\000c\000t\000u\000r\000e}{section.4.1}% 31
\BOOKMARK [2][-]{subsection.4.1.2}{\376\377\000D\000e\000p\000l\000o\000y\000m\000e\000n\000t\000\040\000T\000o\000p\000o\000l\000o\000g\000y}{section.4.1}% 32
\BOOKMARK [2][-]{subsection.4.1.3}{\376\377\000S\000e\000r\000v\000i\000c\000e\000\040\000R\000e\000s\000p\000o\000n\000s\000i\000b\000i\000l\000i\000t\000i\000e\000s}{section.4.1}% 33
\BOOKMARK [1][-]{section.4.2}{\376\377\000D\000a\000t\000a\000\040\000M\000o\000d\000e\000l}{chapter.4}% 34
\BOOKMARK [2][-]{subsection.4.2.1}{\376\377\000A\000u\000t\000h\000\040\000S\000e\000r\000v\000i\000c\000e\000\040\000D\000a\000t\000a\000b\000a\000s\000e\000\040\000\050\000a\000u\000t\000h\000.\000d\000b\000\051}{section.4.2}% 35
\BOOKMARK [2][-]{subsection.4.2.2}{\376\377\000U\000s\000e\000r\000\040\000S\000e\000r\000v\000i\000c\000e\000\040\000D\000a\000t\000a\000b\000a\000s\000e\000\040\000\050\000u\000s\000e\000r\000s\000.\000d\000b\000\051}{section.4.2}% 36
\BOOKMARK [2][-]{subsection.4.2.3}{\376\377\000G\000a\000m\000e\000\040\000S\000e\000r\000v\000i\000c\000e\000\040\000D\000a\000t\000a\000b\000a\000s\000e\000\040\000\050\000g\000a\000m\000e\000s\000.\000d\000b\000\051}{section.4.2}% 37
\BOOKMARK [2][-]{subsection.4.2.4}{\376\377\000T\000o\000u\000r\000n\000a\000m\000e\000n\000t\000\040\000S\000e\000r\000v\000i\000c\000e\000\040\000D\000a\000t\000a\000b\000a\000s\000e\000\040\000\050\000t\000o\000u\000r\000n\000a\000m\000e\000n\000t\000s\000.\000d\000b\000\051}{section.4.2}% 38
\BOOKMARK [1][-]{section.4.3}{\376\377\000S\000e\000c\000u\000r\000i\000t\000y\000\040\000D\000e\000s\000i\000g\000n}{chapter.4}% 39
\BOOKMARK [2][-]{subsection.4.3.1}{\376\377\000L\000a\000y\000e\000r\000\040\0001\000:\000\040\000N\000e\000t\000w\000o\000r\000k\000\040\000S\000e\000c\000u\000r\000i\000t\000y}{section.4.3}% 40
\BOOKMARK [2][-]{subsection.4.3.2}{\376\377\000L\000a\000y\000e\000r\000\040\0002\000:\000\040\000T\000r\000a\000n\000s\000p\000o\000r\000t\000\040\000S\000e\000c\000u\000r\000i\000t\000y}{section.4.3}% 41
\BOOKMARK [2][-]{subsection.4.3.3}{\376\377\000L\000a\000y\000e\000r\000\040\0003\000:\000\040\000A\000p\000p\000l\000i\000c\000a\000t\000i\000o\000n\000\040\000S\000e\000c\000u\000r\000i\000t\000y}{section.4.3}% 42
\BOOKMARK [2][-]{subsection.4.3.4}{\376\377\000L\000a\000y\000e\000r\000\040\0004\000:\000\040\000A\000u\000t\000h\000e\000n\000t\000i\000c\000a\000t\000i\000o\000n\000\040\000\046\000\040\000A\000u\000t\000h\000o\000r\000i\000z\000a\000t\000i\000o\000n}{section.4.3}% 43
\BOOKMARK [2][-]{subsection.4.3.5}{\376\377\000L\000a\000y\000e\000r\000\040\0005\000:\000\040\000D\000a\000t\000a\000\040\000P\000r\000o\000t\000e\000c\000t\000i\000o\000n}{section.4.3}% 44
\BOOKMARK [2][-]{subsection.4.3.6}{\376\377\000L\000a\000y\000e\000r\000\040\0006\000:\000\040\000M\000o\000n\000i\000t\000o\000r\000i\000n\000g\000\040\000\046\000\040\000L\000o\000g\000g\000i\000n\000g}{section.4.3}% 45
\BOOKMARK [2][-]{subsection.4.3.7}{\376\377\000L\000a\000y\000e\000r\000\040\0007\000:\000\040\000I\000n\000c\000i\000d\000e\000n\000t\000\040\000R\000e\000s\000p\000o\000n\000s\000e}{section.4.3}% 46
\BOOKMARK [2][-]{subsection.4.3.8}{\376\377\000S\000e\000c\000u\000r\000i\000t\000y\000\040\000T\000e\000s\000t\000i\000n\000g\000\040\000a\000n\000d\000\040\000V\000a\000l\000i\000d\000a\000t\000i\000o\000n}{section.4.3}% 47
\BOOKMARK [2][-]{subsection.4.3.9}{\376\377\000S\000e\000c\000u\000r\000i\000t\000y\000\040\000C\000o\000m\000p\000l\000i\000a\000n\000c\000e}{section.4.3}% 48
\BOOKMARK [2][-]{subsection.4.3.10}{\376\377\000S\000e\000c\000u\000r\000i\000t\000y\000\040\000I\000m\000p\000l\000e\000m\000e\000n\000t\000a\000t\000i\000o\000n\000\040\000D\000e\000t\000a\000i\000l\000s}{section.4.3}% 49
\BOOKMARK [1][-]{section.4.4}{\376\377\000B\000l\000o\000c\000k\000c\000h\000a\000i\000n\000\040\000I\000n\000t\000e\000g\000r\000a\000t\000i\000o\000n}{chapter.4}% 50
\BOOKMARK [2][-]{subsection.4.4.1}{\376\377\000B\000l\000o\000c\000k\000c\000h\000a\000i\000n\000\040\000A\000r\000c\000h\000i\000t\000e\000c\000t\000u\000r\000e}{section.4.4}% 51
\BOOKMARK [2][-]{subsection.4.4.2}{\376\377\000S\000m\000a\000r\000t\000\040\000C\000o\000n\000t\000r\000a\000c\000t\000\040\000I\000m\000p\000l\000e\000m\000e\000n\000t\000a\000t\000i\000o\000n}{section.4.4}% 52
\BOOKMARK [2][-]{subsection.4.4.3}{\376\377\000H\000a\000r\000d\000h\000a\000t\000\040\000D\000e\000v\000e\000l\000o\000p\000m\000e\000n\000t\000\040\000E\000n\000v\000i\000r\000o\000n\000m\000e\000n\000t}{section.4.4}% 53
\BOOKMARK [2][-]{subsection.4.4.4}{\376\377\000B\000l\000o\000c\000k\000c\000h\000a\000i\000n\000\040\000S\000e\000r\000v\000i\000c\000e\000\040\000A\000r\000c\000h\000i\000t\000e\000c\000t\000u\000r\000e}{section.4.4}% 54
\BOOKMARK [2][-]{subsection.4.4.5}{\376\377\000T\000o\000u\000r\000n\000a\000m\000e\000n\000t\000\040\000I\000n\000t\000e\000g\000r\000a\000t\000i\000o\000n}{section.4.4}% 55
\BOOKMARK [2][-]{subsection.4.4.6}{\376\377\000B\000l\000o\000c\000k\000c\000h\000a\000i\000n\000\040\000S\000e\000c\000u\000r\000i\000t\000y\000\040\000M\000e\000a\000s\000u\000r\000e\000s}{section.4.4}% 56
\BOOKMARK [2][-]{subsection.4.4.7}{\376\377\000B\000l\000o\000c\000k\000c\000h\000a\000i\000n\000\040\000T\000e\000s\000t\000i\000n\000g\000\040\000a\000n\000d\000\040\000V\000a\000l\000i\000d\000a\000t\000i\000o\000n}{section.4.4}% 57
\BOOKMARK [2][-]{subsection.4.4.8}{\376\377\000B\000l\000o\000c\000k\000c\000h\000a\000i\000n\000\040\000P\000e\000r\000f\000o\000r\000m\000a\000n\000c\000e\000\040\000O\000p\000t\000i\000m\000i\000z\000a\000t\000i\000o\000n}{section.4.4}% 58
\BOOKMARK [2][-]{subsection.4.4.9}{\376\377\000B\000l\000o\000c\000k\000c\000h\000a\000i\000n\000\040\000M\000o\000n\000i\000t\000o\000r\000i\000n\000g\000\040\000a\000n\000d\000\040\000O\000b\000s\000e\000r\000v\000a\000b\000i\000l\000i\000t\000y}{section.4.4}% 59
\BOOKMARK [2][-]{subsection.4.4.10}{\376\377\000B\000l\000o\000c\000k\000c\000h\000a\000i\000n\000\040\000D\000e\000p\000l\000o\000y\000m\000e\000n\000t\000\040\000a\000n\000d\000\040\000O\000p\000e\000r\000a\000t\000i\000o\000n\000s}{section.4.4}% 60
\BOOKMARK [1][-]{section.4.5}{\376\377\000M\000i\000c\000r\000o\000s\000e\000r\000v\000i\000c\000e\000s\000\040\000A\000r\000c\000h\000i\000t\000e\000c\000t\000u\000r\000e}{chapter.4}% 61
\BOOKMARK [2][-]{subsection.4.5.1}{\376\377\000S\000e\000r\000v\000i\000c\000e\000\040\000A\000r\000c\000h\000i\000t\000e\000c\000t\000u\000r\000e\000\040\000O\000v\000e\000r\000v\000i\000e\000w}{section.4.5}% 62
\BOOKMARK [2][-]{subsection.4.5.2}{\376\377\000S\000e\000r\000v\000i\000c\000e\000\040\000C\000o\000m\000m\000u\000n\000i\000c\000a\000t\000i\000o\000n\000\040\000P\000a\000t\000t\000e\000r\000n\000s}{section.4.5}% 63
\BOOKMARK [2][-]{subsection.4.5.3}{\376\377\000D\000o\000c\000k\000e\000r\000\040\000C\000o\000m\000p\000o\000s\000e\000\040\000O\000r\000c\000h\000e\000s\000t\000r\000a\000t\000i\000o\000n}{section.4.5}% 64
\BOOKMARK [2][-]{subsection.4.5.4}{\376\377\000S\000e\000r\000v\000i\000c\000e\000\040\000H\000e\000a\000l\000t\000h\000\040\000M\000o\000n\000i\000t\000o\000r\000i\000n\000g}{section.4.5}% 65
\BOOKMARK [2][-]{subsection.4.5.5}{\376\377\000D\000a\000t\000a\000b\000a\000s\000e\000\040\000A\000r\000c\000h\000i\000t\000e\000c\000t\000u\000r\000e}{section.4.5}% 66
\BOOKMARK [2][-]{subsection.4.5.6}{\376\377\000P\000r\000o\000d\000u\000c\000t\000i\000o\000n\000\040\000D\000e\000p\000l\000o\000y\000m\000e\000n\000t\000\040\000C\000o\000n\000s\000i\000d\000e\000r\000a\000t\000i\000o\000n\000s}{section.4.5}% 67
\BOOKMARK [1][-]{section.4.6}{\376\377\0003\000D\000\040\000F\000r\000o\000n\000t\000e\000n\000d\000\040\000I\000m\000p\000l\000e\000m\000e\000n\000t\000a\000t\000i\000o\000n}{chapter.4}% 68
\BOOKMARK [2][-]{subsection.4.6.1}{\376\377\000I\000m\000m\000e\000r\000s\000i\000v\000e\000\040\000O\000f\000f\000i\000c\000e\000\040\000E\000n\000v\000i\000r\000o\000n\000m\000e\000n\000t}{section.4.6}% 69
\BOOKMARK [2][-]{subsection.4.6.2}{\376\377\000S\000t\000o\000r\000y\000\040\000a\000n\000d\000\040\000L\000o\000r\000e\000\040\000I\000n\000t\000e\000g\000r\000a\000t\000i\000o\000n}{section.4.6}% 70
\BOOKMARK [2][-]{subsection.4.6.3}{\376\377\000B\000a\000b\000y\000l\000o\000n\000.\000j\000s\000\040\000I\000n\000t\000e\000g\000r\000a\000t\000i\000o\000n\000\040\000A\000r\000c\000h\000i\000t\000e\000c\000t\000u\000r\000e}{section.4.6}% 71
\BOOKMARK [2][-]{subsection.4.6.4}{\376\377\0003\000D\000\040\000G\000a\000m\000e\000\040\000R\000e\000n\000d\000e\000r\000i\000n\000g\000\040\000a\000n\000d\000\040\000E\000n\000v\000i\000r\000o\000n\000m\000e\000n\000t\000a\000l\000\040\000E\000f\000f\000e\000c\000t\000s}{section.4.6}% 72
\BOOKMARK [2][-]{subsection.4.6.5}{\376\377\000R\000e\000a\000l\000-\000t\000i\000m\000e\000\040\0003\000D\000\040\000S\000y\000n\000c\000h\000r\000o\000n\000i\000z\000a\000t\000i\000o\000n}{section.4.6}% 73
\BOOKMARK [2][-]{subsection.4.6.6}{\376\377\000H\000T\000M\000L\000\040\000M\000e\000s\000h\000\040\000I\000n\000t\000e\000g\000r\000a\000t\000i\000o\000n}{section.4.6}% 74
\BOOKMARK [2][-]{subsection.4.6.7}{\376\377\000P\000o\000s\000t\000-\000P\000r\000o\000c\000e\000s\000s\000i\000n\000g\000\040\000E\000f\000f\000e\000c\000t\000s}{section.4.6}% 75
\BOOKMARK [2][-]{subsection.4.6.8}{\376\377\000P\000e\000r\000f\000o\000r\000m\000a\000n\000c\000e\000\040\000O\000p\000t\000i\000m\000i\000z\000a\000t\000i\000o\000n\000s}{section.4.6}% 76
\BOOKMARK [1][-]{section.4.7}{\376\377\000W\000i\000r\000e\000f\000r\000a\000m\000e\000s\000\040\000a\000n\000d\000\040\000U\000s\000e\000r\000\040\000I\000n\000t\000e\000r\000f\000a\000c\000e\000\040\000D\000e\000s\000i\000g\000n}{chapter.4}% 77
\BOOKMARK [2][-]{subsection.4.7.1}{\376\377\000A\000u\000t\000h\000e\000n\000t\000i\000c\000a\000t\000i\000o\000n\000\040\000F\000l\000o\000w\000\040\000W\000i\000r\000e\000f\000r\000a\000m\000e\000s}{section.4.7}% 78
\BOOKMARK [2][-]{subsection.4.7.2}{\376\377\000M\000a\000i\000n\000\040\000N\000a\000v\000i\000g\000a\000t\000i\000o\000n\000\040\000a\000n\000d\000\040\000M\000e\000n\000u\000\040\000W\000i\000r\000e\000f\000r\000a\000m\000e\000s}{section.4.7}% 79
\BOOKMARK [2][-]{subsection.4.7.3}{\376\377\000G\000a\000m\000e\000\040\000I\000n\000t\000e\000r\000f\000a\000c\000e\000\040\000W\000i\000r\000e\000f\000r\000a\000m\000e\000s}{section.4.7}% 80
\BOOKMARK [2][-]{subsection.4.7.4}{\376\377\000T\000o\000u\000r\000n\000a\000m\000e\000n\000t\000\040\000I\000n\000t\000e\000r\000f\000a\000c\000e\000\040\000W\000i\000r\000e\000f\000r\000a\000m\000e\000s}{section.4.7}% 81
\BOOKMARK [2][-]{subsection.4.7.5}{\376\377\000U\000s\000e\000r\000\040\000P\000r\000o\000f\000i\000l\000e\000\040\000a\000n\000d\000\040\000S\000o\000c\000i\000a\000l\000\040\000F\000e\000a\000t\000u\000r\000e\000s}{section.4.7}% 82
\BOOKMARK [2][-]{subsection.4.7.6}{\376\377\0003\000D\000\040\000E\000n\000v\000i\000r\000o\000n\000m\000e\000n\000t\000\040\000I\000n\000t\000e\000g\000r\000a\000t\000i\000o\000n}{section.4.7}% 83
\BOOKMARK [2][-]{subsection.4.7.7}{\376\377\000W\000i\000r\000e\000f\000r\000a\000m\000e\000\040\000D\000e\000s\000i\000g\000n\000\040\000P\000r\000i\000n\000c\000i\000p\000l\000e\000s}{section.4.7}% 84
\BOOKMARK [2][-]{subsection.4.7.8}{\376\377\000M\000a\000i\000n\000\040\000M\000e\000n\000u\000\040\000I\000n\000t\000e\000r\000f\000a\000c\000e}{section.4.7}% 85
\BOOKMARK [2][-]{subsection.4.7.9}{\376\377\000G\000a\000m\000e\000\040\000M\000o\000d\000e\000\040\000S\000e\000l\000e\000c\000t\000i\000o\000n}{section.4.7}% 86
\BOOKMARK [2][-]{subsection.4.7.10}{\376\377\000A\000u\000t\000h\000e\000n\000t\000i\000c\000a\000t\000i\000o\000n\000\040\000U\000I\000\040\000I\000m\000p\000l\000e\000m\000e\000n\000t\000a\000t\000i\000o\000n}{section.4.7}% 87
\BOOKMARK [2][-]{subsection.4.7.11}{\376\377\000G\000a\000m\000e\000p\000l\000a\000y\000\040\000I\000n\000t\000e\000r\000f\000a\000c\000e}{section.4.7}% 88
\BOOKMARK [2][-]{subsection.4.7.12}{\376\377\000G\000a\000m\000e\000\040\000S\000e\000t\000t\000i\000n\000g\000s}{section.4.7}% 89
\BOOKMARK [2][-]{subsection.4.7.13}{\376\377\000C\000a\000m\000p\000a\000i\000g\000n\000\040\000M\000o\000d\000e}{section.4.7}% 90
\BOOKMARK [2][-]{subsection.4.7.14}{\376\377\000T\000o\000u\000r\000n\000a\000m\000e\000n\000t\000\040\000S\000y\000s\000t\000e\000m}{section.4.7}% 91
\BOOKMARK [2][-]{subsection.4.7.15}{\376\377\000U\000s\000e\000r\000\040\000P\000r\000o\000f\000i\000l\000e\000\040\000a\000n\000d\000\040\000S\000t\000a\000t\000i\000s\000t\000i\000c\000s}{section.4.7}% 92
\BOOKMARK [0][-]{chapter.5}{\376\377\000I\000m\000p\000l\000e\000m\000e\000n\000t\000a\000t\000i\000o\000n}{}% 93
\BOOKMARK [1][-]{section.5.1}{\376\377\000M\000a\000n\000d\000a\000t\000o\000r\000y\000\040\000I\000m\000p\000l\000e\000m\000e\000n\000t\000a\000t\000i\000o\000n}{chapter.5}% 94
\BOOKMARK [2][-]{subsection.5.1.1}{\376\377\000T\000e\000c\000h\000n\000o\000l\000o\000g\000y\000\040\000S\000t\000a\000c\000k\000\040\000S\000u\000m\000m\000a\000r\000y}{section.5.1}% 95
\BOOKMARK [2][-]{subsection.5.1.2}{\376\377\000B\000a\000c\000k\000e\000n\000d\000\040\000F\000r\000a\000m\000e\000w\000o\000r\000k}{section.5.1}% 96
\BOOKMARK [1][-]{section.5.2}{\376\377\000W\000e\000b\000\040\000I\000m\000p\000l\000e\000m\000e\000n\000t\000a\000t\000i\000o\000n}{chapter.5}% 97
\BOOKMARK [2][-]{subsection.5.2.1}{\376\377\000B\000a\000c\000k\000e\000n\000d\000\040\000F\000r\000a\000m\000e\000w\000o\000r\000k}{section.5.2}% 98
\BOOKMARK [2][-]{subsection.5.2.2}{\376\377\000B\000l\000o\000c\000k\000c\000h\000a\000i\000n\000\040\000I\000n\000t\000e\000g\000r\000a\000t\000i\000o\000n}{section.5.2}% 99
\BOOKMARK [2][-]{subsection.5.2.3}{\376\377\000F\000r\000o\000n\000t\000e\000n\000d\000\040\000F\000r\000a\000m\000e\000w\000o\000r\000k}{section.5.2}% 100
\BOOKMARK [2][-]{subsection.5.2.4}{\376\377\000D\000a\000t\000a\000b\000a\000s\000e}{section.5.2}% 101
\BOOKMARK [1][-]{section.5.3}{\376\377\000U\000s\000e\000r\000\040\000M\000a\000n\000a\000g\000e\000m\000e\000n\000t\000\040\000I\000m\000p\000l\000e\000m\000e\000n\000t\000a\000t\000i\000o\000n}{chapter.5}% 102
\BOOKMARK [2][-]{subsection.5.3.1}{\376\377\000S\000t\000a\000n\000d\000a\000r\000d\000\040\000U\000s\000e\000r\000\040\000M\000a\000n\000a\000g\000e\000m\000e\000n\000t}{section.5.3}% 103
\BOOKMARK [2][-]{subsection.5.3.2}{\376\377\000R\000e\000m\000o\000t\000e\000\040\000A\000u\000t\000h\000e\000n\000t\000i\000c\000a\000t\000i\000o\000n}{section.5.3}% 104
\BOOKMARK [1][-]{section.5.4}{\376\377\000G\000a\000m\000e\000p\000l\000a\000y\000\040\000a\000n\000d\000\040\000U\000s\000e\000r\000\040\000E\000x\000p\000e\000r\000i\000e\000n\000c\000e\000\040\000I\000m\000p\000l\000e\000m\000e\000n\000t\000a\000t\000i\000o\000n}{chapter.5}% 105
\BOOKMARK [2][-]{subsection.5.4.1}{\376\377\000M\000u\000l\000t\000i\000p\000l\000a\000y\000e\000r\000\040\000\050\000m\000o\000r\000e\000\040\000t\000h\000a\000n\000\040\0002\000\040\000p\000l\000a\000y\000e\000r\000s\000\051}{section.5.4}% 106
\BOOKMARK [1][-]{section.5.5}{\376\377\000A\000I\000-\000A\000l\000g\000o\000\040\000I\000m\000p\000l\000e\000m\000e\000n\000t\000a\000t\000i\000o\000n}{chapter.5}% 107
\BOOKMARK [2][-]{subsection.5.5.1}{\376\377\000A\000I\000\040\000O\000p\000p\000o\000n\000e\000n\000t}{section.5.5}% 108
\BOOKMARK [2][-]{subsection.5.5.2}{\376\377\000U\000s\000e\000r\000\040\000a\000n\000d\000\040\000G\000a\000m\000e\000\040\000S\000t\000a\000t\000s\000\040\000D\000a\000s\000h\000b\000o\000a\000r\000d\000s}{section.5.5}% 109
\BOOKMARK [1][-]{section.5.6}{\376\377\000C\000y\000b\000e\000r\000s\000e\000c\000u\000r\000i\000t\000y\000\040\000I\000m\000p\000l\000e\000m\000e\000n\000t\000a\000t\000i\000o\000n}{chapter.5}% 110
\BOOKMARK [2][-]{subsection.5.6.1}{\376\377\000W\000A\000F\000/\000M\000o\000d\000S\000e\000c\000u\000r\000i\000t\000y\000\040\000w\000i\000t\000h\000\040\000V\000a\000u\000l\000t}{section.5.6}% 111
\BOOKMARK [1][-]{section.5.7}{\376\377\000D\000e\000v\000o\000p\000s\000\040\000I\000m\000p\000l\000e\000m\000e\000n\000t\000a\000t\000i\000o\000n}{chapter.5}% 112
\BOOKMARK [2][-]{subsection.5.7.1}{\376\377\000M\000i\000c\000r\000o\000s\000e\000r\000v\000i\000c\000e\000s\000\040\000A\000r\000c\000h\000i\000t\000e\000c\000t\000u\000r\000e}{section.5.7}% 113
\BOOKMARK [2][-]{subsection.5.7.2}{\376\377\000D\000o\000c\000k\000e\000r\000\040\000C\000o\000n\000t\000a\000i\000n\000e\000r\000i\000z\000a\000t\000i\000o\000n}{section.5.7}% 114
\BOOKMARK [2][-]{subsection.5.7.3}{\376\377\000D\000e\000v\000e\000l\000o\000p\000m\000e\000n\000t\000\040\000W\000o\000r\000k\000f\000l\000o\000w}{section.5.7}% 115
\BOOKMARK [1][-]{section.5.8}{\376\377\000I\000m\000p\000l\000e\000m\000e\000n\000t\000a\000t\000i\000o\000n\000\040\000P\000a\000t\000t\000e\000r\000n\000s\000\040\000a\000n\000d\000\040\000P\000r\000a\000c\000t\000i\000c\000e\000s}{chapter.5}% 116
\BOOKMARK [2][-]{subsection.5.8.1}{\376\377\000S\000e\000r\000v\000i\000c\000e\000\040\000A\000r\000c\000h\000i\000t\000e\000c\000t\000u\000r\000e\000\040\000P\000a\000t\000t\000e\000r\000n\000s}{section.5.8}% 117
\BOOKMARK [2][-]{subsection.5.8.2}{\376\377\000E\000r\000r\000o\000r\000\040\000H\000a\000n\000d\000l\000i\000n\000g\000\040\000a\000n\000d\000\040\000L\000o\000g\000g\000i\000n\000g}{section.5.8}% 118
\BOOKMARK [2][-]{subsection.5.8.3}{\376\377\000S\000e\000c\000u\000r\000i\000t\000y\000\040\000I\000m\000p\000l\000e\000m\000e\000n\000t\000a\000t\000i\000o\000n\000\040\000P\000a\000t\000t\000e\000r\000n\000s}{section.5.8}% 119
\BOOKMARK [2][-]{subsection.5.8.4}{\376\377\000R\000e\000a\000l\000-\000T\000i\000m\000e\000\040\000C\000o\000m\000m\000u\000n\000i\000c\000a\000t\000i\000o\000n\000\040\000P\000a\000t\000t\000e\000r\000n\000s}{section.5.8}% 120
\BOOKMARK [2][-]{subsection.5.8.5}{\376\377\000D\000a\000t\000a\000b\000a\000s\000e\000\040\000D\000e\000s\000i\000g\000n\000\040\000P\000a\000t\000t\000e\000r\000n\000s}{section.5.8}% 121
\BOOKMARK [2][-]{subsection.5.8.6}{\376\377\000T\000e\000s\000t\000i\000n\000g\000\040\000I\000m\000p\000l\000e\000m\000e\000n\000t\000a\000t\000i\000o\000n\000\040\000P\000a\000t\000t\000e\000r\000n\000s}{section.5.8}% 122
\BOOKMARK [1][-]{section.5.9}{\376\377\000P\000e\000r\000f\000o\000r\000m\000a\000n\000c\000e\000\040\000O\000p\000t\000i\000m\000i\000z\000a\000t\000i\000o\000n}{chapter.5}% 123
\BOOKMARK [2][-]{subsection.5.9.1}{\376\377\000C\000o\000d\000e\000\040\000O\000p\000t\000i\000m\000i\000z\000a\000t\000i\000o\000n\000\040\000T\000e\000c\000h\000n\000i\000q\000u\000e\000s}{section.5.9}% 124
\BOOKMARK [2][-]{subsection.5.9.2}{\376\377\000M\000e\000m\000o\000r\000y\000\040\000M\000a\000n\000a\000g\000e\000m\000e\000n\000t}{section.5.9}% 125
\BOOKMARK [2][-]{subsection.5.9.3}{\376\377\000N\000e\000t\000w\000o\000r\000k\000\040\000O\000p\000t\000i\000m\000i\000z\000a\000t\000i\000o\000n}{section.5.9}% 126
\BOOKMARK [0][-]{chapter.6}{\376\377\000T\000e\000s\000t\000i\000n\000g}{}% 127
\BOOKMARK [1][-]{section.6.1}{\376\377\000T\000e\000s\000t\000\040\000R\000e\000s\000u\000l\000t\000s\000\040\000S\000u\000m\000m\000a\000r\000y}{chapter.6}% 128
\BOOKMARK [1][-]{section.6.2}{\376\377\000M\000a\000n\000u\000a\000l\000\040\000T\000e\000s\000t\000i\000n\000g\000\040\000P\000r\000o\000c\000e\000d\000u\000r\000e\000s}{chapter.6}% 129
\BOOKMARK [2][-]{subsection.6.2.1}{\376\377\000U\000s\000e\000r\000\040\000W\000o\000r\000k\000f\000l\000o\000w\000\040\000T\000e\000s\000t\000i\000n\000g}{section.6.2}% 130
\BOOKMARK [2][-]{subsection.6.2.2}{\376\377\000M\000a\000n\000u\000a\000l\000\040\000T\000e\000s\000t\000\040\000C\000a\000t\000e\000g\000o\000r\000i\000e\000s}{section.6.2}% 131
\BOOKMARK [1][-]{section.6.3}{\376\377\000M\000a\000n\000u\000a\000l\000\040\000V\000e\000r\000i\000f\000i\000c\000a\000t\000i\000o\000n\000\040\000P\000r\000o\000c\000e\000d\000u\000r\000e\000s}{chapter.6}% 132
\BOOKMARK [2][-]{subsection.6.3.1}{\376\377\000S\000e\000r\000v\000i\000c\000e\000\040\000H\000e\000a\000l\000t\000h\000\040\000C\000h\000e\000c\000k\000s}{section.6.3}% 133
\BOOKMARK [2][-]{subsection.6.3.2}{\376\377\000M\000o\000d\000u\000l\000e\000-\000S\000p\000e\000c\000i\000f\000i\000c\000\040\000V\000e\000r\000i\000f\000i\000c\000a\000t\000i\000o\000n}{section.6.3}% 134
\BOOKMARK [2][-]{subsection.6.3.3}{\376\377\000I\000n\000t\000e\000g\000r\000a\000t\000i\000o\000n\000\040\000T\000e\000s\000t\000i\000n\000g}{section.6.3}% 135
\BOOKMARK [1][-]{section.6.4}{\376\377\000M\000a\000n\000u\000a\000l\000\040\000U\000s\000e\000r\000\040\000A\000c\000c\000e\000p\000t\000a\000n\000c\000e\000\040\000T\000e\000s\000t\000i\000n\000g}{chapter.6}% 136
\BOOKMARK [2][-]{subsection.6.4.1}{\376\377\000T\000e\000s\000t\000\040\000S\000c\000e\000n\000a\000r\000i\000o\000s}{section.6.4}% 137
\BOOKMARK [1][-]{section.6.5}{\376\377\000A\000u\000t\000o\000m\000a\000t\000e\000d\000\040\000T\000e\000s\000t\000i\000n\000g\000\040\000F\000r\000a\000m\000e\000w\000o\000r\000k}{chapter.6}% 138
\BOOKMARK [2][-]{subsection.6.5.1}{\376\377\000U\000n\000i\000t\000\040\000T\000e\000s\000t\000i\000n\000g\000\040\000I\000n\000f\000r\000a\000s\000t\000r\000u\000c\000t\000u\000r\000e}{section.6.5}% 139
\BOOKMARK [2][-]{subsection.6.5.2}{\376\377\000A\000P\000I\000\040\000T\000e\000s\000t\000i\000n\000g}{section.6.5}% 140
\BOOKMARK [2][-]{subsection.6.5.3}{\376\377\000B\000l\000o\000c\000k\000c\000h\000a\000i\000n\000\040\000T\000e\000s\000t\000i\000n\000g}{section.6.5}% 141
\BOOKMARK [1][-]{section.6.6}{\376\377\000P\000e\000r\000f\000o\000r\000m\000a\000n\000c\000e\000\040\000T\000e\000s\000t\000i\000n\000g}{chapter.6}% 142
\BOOKMARK [2][-]{subsection.6.6.1}{\376\377\000L\000o\000a\000d\000\040\000T\000e\000s\000t\000i\000n\000g}{section.6.6}% 143
\BOOKMARK [2][-]{subsection.6.6.2}{\376\377\000S\000e\000c\000u\000r\000i\000t\000y\000\040\000T\000e\000s\000t\000i\000n\000g}{section.6.6}% 144
\BOOKMARK [1][-]{section.6.7}{\376\377\000T\000e\000s\000t\000\040\000C\000a\000s\000e\000\040\000D\000o\000c\000u\000m\000e\000n\000t\000a\000t\000i\000o\000n}{chapter.6}% 145
\BOOKMARK [2][-]{subsection.6.7.1}{\376\377\000F\000u\000n\000c\000t\000i\000o\000n\000a\000l\000\040\000T\000e\000s\000t\000\040\000C\000a\000s\000e\000s}{section.6.7}% 146
\BOOKMARK [2][-]{subsection.6.7.2}{\376\377\000I\000n\000t\000e\000g\000r\000a\000t\000i\000o\000n\000\040\000T\000e\000s\000t\000\040\000C\000a\000s\000e\000s}{section.6.7}% 147
\BOOKMARK [1][-]{section.6.8}{\376\377\000T\000e\000s\000t\000\040\000R\000e\000s\000u\000l\000t\000s\000\040\000a\000n\000d\000\040\000M\000e\000t\000r\000i\000c\000s}{chapter.6}% 148
\BOOKMARK [2][-]{subsection.6.8.1}{\376\377\000T\000e\000s\000t\000\040\000E\000x\000e\000c\000u\000t\000i\000o\000n\000\040\000S\000u\000m\000m\000a\000r\000y}{section.6.8}% 149
\BOOKMARK [2][-]{subsection.6.8.2}{\376\377\000P\000e\000r\000f\000o\000r\000m\000a\000n\000c\000e\000\040\000B\000e\000n\000c\000h\000m\000a\000r\000k\000s}{section.6.8}% 150
\BOOKMARK [2][-]{subsection.6.8.3}{\376\377\000D\000e\000f\000e\000c\000t\000\040\000T\000r\000a\000c\000k\000i\000n\000g}{section.6.8}% 151
\BOOKMARK [1][-]{section.6.9}{\376\377\000Q\000u\000a\000l\000i\000t\000y\000\040\000A\000s\000s\000u\000r\000a\000n\000c\000e}{chapter.6}% 152
\BOOKMARK [2][-]{subsection.6.9.1}{\376\377\000C\000o\000d\000e\000\040\000Q\000u\000a\000l\000i\000t\000y\000\040\000S\000t\000a\000n\000d\000a\000r\000d\000s}{section.6.9}% 153
\BOOKMARK [2][-]{subsection.6.9.2}{\376\377\000D\000o\000c\000u\000m\000e\000n\000t\000a\000t\000i\000o\000n\000\040\000S\000t\000a\000n\000d\000a\000r\000d\000s}{section.6.9}% 154
\BOOKMARK [2][-]{subsection.6.9.3}{\376\377\000D\000e\000p\000l\000o\000y\000m\000e\000n\000t\000\040\000V\000a\000l\000i\000d\000a\000t\000i\000o\000n}{section.6.9}% 155
\BOOKMARK [0][-]{chapter.7}{\376\377\000E\000v\000o\000l\000u\000t\000i\000o\000n}{}% 156
\BOOKMARK [1][-]{section.7.1}{\376\377\000C\000u\000r\000r\000e\000n\000t\000\040\000S\000t\000a\000t\000e}{chapter.7}% 157
\BOOKMARK [1][-]{section.7.2}{\376\377\000F\000u\000t\000u\000r\000e\000\040\000E\000n\000h\000a\000n\000c\000e\000m\000e\000n\000t\000s}{chapter.7}% 158
\BOOKMARK [2][-]{subsection.7.2.1}{\376\377\000A\000d\000v\000a\000n\000c\000e\000d\000\040\000G\000a\000m\000e\000\040\000F\000e\000a\000t\000u\000r\000e\000s}{section.7.2}% 159
\BOOKMARK [2][-]{subsection.7.2.2}{\376\377\000P\000l\000a\000t\000f\000o\000r\000m\000\040\000E\000x\000p\000a\000n\000s\000i\000o\000n}{section.7.2}% 160
\BOOKMARK [2][-]{subsection.7.2.3}{\376\377\000T\000e\000c\000h\000n\000i\000c\000a\000l\000\040\000I\000m\000p\000r\000o\000v\000e\000m\000e\000n\000t\000s}{section.7.2}% 161
\BOOKMARK [1][-]{section.7.3}{\376\377\000L\000i\000m\000i\000t\000a\000t\000i\000o\000n\000s\000\040\000a\000n\000d\000\040\000C\000o\000n\000s\000t\000r\000a\000i\000n\000t\000s}{chapter.7}% 162
\BOOKMARK [2][-]{subsection.7.3.1}{\376\377\000C\000u\000r\000r\000e\000n\000t\000\040\000L\000i\000m\000i\000t\000a\000t\000i\000o\000n\000s}{section.7.3}% 163
\BOOKMARK [2][-]{subsection.7.3.2}{\376\377\000T\000e\000c\000h\000n\000i\000c\000a\000l\000\040\000D\000e\000b\000t\000\040\000C\000o\000n\000s\000i\000d\000e\000r\000a\000t\000i\000o\000n\000s}{section.7.3}% 164
\BOOKMARK [1][-]{section.7.4}{\376\377\000R\000o\000a\000d\000m\000a\000p\000\040\000a\000n\000d\000\040\000D\000e\000p\000l\000o\000y\000m\000e\000n\000t\000\040\000S\000t\000r\000a\000t\000e\000g\000y}{chapter.7}% 165
\BOOKMARK [2][-]{subsection.7.4.1}{\376\377\000P\000h\000a\000s\000e\000\040\0001\000:\000\040\000P\000r\000o\000d\000u\000c\000t\000i\000o\000n\000\040\000D\000e\000p\000l\000o\000y\000m\000e\000n\000t\000\040\000\050\000I\000m\000m\000e\000d\000i\000a\000t\000e\000\051}{section.7.4}% 166
\BOOKMARK [2][-]{subsection.7.4.2}{\376\377\000P\000h\000a\000s\000e\000\040\0002\000:\000\040\000F\000e\000a\000t\000u\000r\000e\000\040\000E\000x\000p\000a\000n\000s\000i\000o\000n\000\040\000\050\0003\000-\0006\000\040\000M\000o\000n\000t\000h\000s\000\051}{section.7.4}% 167
\BOOKMARK [2][-]{subsection.7.4.3}{\376\377\000P\000h\000a\000s\000e\000\040\0003\000:\000\040\000E\000n\000t\000e\000r\000p\000r\000i\000s\000e\000\040\000F\000e\000a\000t\000u\000r\000e\000s\000\040\000\050\0006\000-\0001\0002\000\040\000M\000o\000n\000t\000h\000s\000\051}{section.7.4}% 168
\BOOKMARK [2][-]{subsection.7.4.4}{\376\377\000P\000h\000a\000s\000e\000\040\0004\000:\000\040\000G\000l\000o\000b\000a\000l\000\040\000S\000c\000a\000l\000e\000\040\000\050\0001\0002\000+\000\040\000M\000o\000n\000t\000h\000s\000\051}{section.7.4}% 169
\BOOKMARK [1][-]{section.7.5}{\376\377\000T\000e\000c\000h\000n\000o\000l\000o\000g\000y\000\040\000E\000v\000o\000l\000u\000t\000i\000o\000n}{chapter.7}% 170
\BOOKMARK [2][-]{subsection.7.5.1}{\376\377\000A\000r\000c\000h\000i\000t\000e\000c\000t\000u\000r\000e\000\040\000M\000a\000t\000u\000r\000i\000t\000y}{section.7.5}% 171
\BOOKMARK [2][-]{subsection.7.5.2}{\376\377\000S\000e\000c\000u\000r\000i\000t\000y\000\040\000E\000n\000h\000a\000n\000c\000e\000m\000e\000n\000t\000s}{section.7.5}% 172
\BOOKMARK [2][-]{subsection.7.5.3}{\376\377\000D\000e\000v\000e\000l\000o\000p\000e\000r\000\040\000E\000x\000p\000e\000r\000i\000e\000n\000c\000e}{section.7.5}% 173
\BOOKMARK [1][-]{section.7.6}{\376\377\000C\000o\000m\000m\000u\000n\000i\000t\000y\000\040\000a\000n\000d\000\040\000E\000c\000o\000s\000y\000s\000t\000e\000m}{chapter.7}% 174
\BOOKMARK [2][-]{subsection.7.6.1}{\376\377\000O\000p\000e\000n\000\040\000S\000o\000u\000r\000c\000e\000\040\000C\000o\000n\000t\000r\000i\000b\000u\000t\000i\000o\000n\000s}{section.7.6}% 175
\BOOKMARK [2][-]{subsection.7.6.2}{\376\377\000I\000n\000d\000u\000s\000t\000r\000y\000\040\000I\000m\000p\000a\000c\000t}{section.7.6}% 176
\BOOKMARK [1][-]{section.7.7}{\376\377\000C\000o\000n\000c\000l\000u\000s\000i\000o\000n}{chapter.7}% 177
\BOOKMARK [0][-]{chapter.8}{\376\377\000C\000o\000n\000c\000l\000u\000s\000i\000o\000n}{}% 178
\BOOKMARK [1][-]{section.8.1}{\376\377\000R\000e\000s\000t\000a\000t\000e\000m\000e\000n\000t\000\040\000o\000f\000\040\000M\000a\000i\000n\000\040\000P\000u\000r\000p\000o\000s\000e}{chapter.8}% 179
\BOOKMARK [1][-]{section.8.2}{\376\377\000S\000u\000m\000m\000a\000r\000y\000\040\000o\000f\000\040\000K\000e\000y\000\040\000F\000i\000n\000d\000i\000n\000g\000s}{chapter.8}% 180
\BOOKMARK [1][-]{section.8.3}{\376\377\000I\000n\000t\000e\000r\000p\000r\000e\000t\000a\000t\000i\000o\000n\000\040\000a\000n\000d\000\040\000S\000i\000g\000n\000i\000f\000i\000c\000a\000n\000c\000e\000\040\000o\000f\000\040\000F\000i\000n\000d\000i\000n\000g\000s}{chapter.8}% 181
\BOOKMARK [1][-]{section.8.4}{\376\377\000I\000m\000p\000l\000i\000c\000a\000t\000i\000o\000n\000s}{chapter.8}% 182
\BOOKMARK [2][-]{subsection.8.4.1}{\376\377\000T\000e\000c\000h\000n\000i\000c\000a\000l\000\040\000I\000m\000p\000l\000i\000c\000a\000t\000i\000o\000n\000s}{section.8.4}% 183
\BOOKMARK [2][-]{subsection.8.4.2}{\376\377\000P\000r\000a\000c\000t\000i\000c\000a\000l\000\040\000I\000m\000p\000l\000i\000c\000a\000t\000i\000o\000n\000s}{section.8.4}% 184
\BOOKMARK [2][-]{subsection.8.4.3}{\376\377\000E\000d\000u\000c\000a\000t\000i\000o\000n\000a\000l\000\040\000I\000m\000p\000l\000i\000c\000a\000t\000i\000o\000n\000s}{section.8.4}% 185
\BOOKMARK [1][-]{section.8.5}{\376\377\000L\000i\000m\000i\000t\000a\000t\000i\000o\000n\000s\000\040\000o\000f\000\040\000t\000h\000e\000\040\000S\000t\000u\000d\000y}{chapter.8}% 186
\BOOKMARK [2][-]{subsection.8.5.1}{\376\377\000T\000e\000c\000h\000n\000i\000c\000a\000l\000\040\000L\000i\000m\000i\000t\000a\000t\000i\000o\000n\000s}{section.8.5}% 187
\BOOKMARK [2][-]{subsection.8.5.2}{\376\377\000D\000e\000v\000e\000l\000o\000p\000m\000e\000n\000t\000\040\000S\000c\000o\000p\000e\000\040\000L\000i\000m\000i\000t\000a\000t\000i\000o\000n\000s}{section.8.5}% 188
\BOOKMARK [2][-]{subsection.8.5.3}{\376\377\000P\000r\000o\000j\000e\000c\000t\000\040\000C\000o\000n\000s\000t\000r\000a\000i\000n\000t\000s}{section.8.5}% 189
\BOOKMARK [1][-]{section.8.6}{\376\377\000R\000e\000c\000o\000m\000m\000e\000n\000d\000a\000t\000i\000o\000n\000s\000\040\000f\000o\000r\000\040\000F\000u\000t\000u\000r\000e\000\040\000R\000e\000s\000e\000a\000r\000c\000h}{chapter.8}% 190
\BOOKMARK [2][-]{subsection.8.6.1}{\376\377\000T\000e\000c\000h\000n\000i\000c\000a\000l\000\040\000R\000e\000s\000e\000a\000r\000c\000h\000\040\000D\000i\000r\000e\000c\000t\000i\000o\000n\000s}{section.8.6}% 191
\BOOKMARK [2][-]{subsection.8.6.2}{\376\377\000M\000e\000t\000h\000o\000d\000o\000l\000o\000g\000y\000\040\000R\000e\000s\000e\000a\000r\000c\000h}{section.8.6}% 192
\BOOKMARK [2][-]{subsection.8.6.3}{\376\377\000A\000p\000p\000l\000i\000c\000a\000t\000i\000o\000n\000\040\000A\000r\000e\000a\000s}{section.8.6}% 193
\BOOKMARK [2][-]{subsection.8.6.4}{\376\377\000T\000e\000c\000h\000n\000o\000l\000o\000g\000y\000\040\000E\000v\000o\000l\000u\000t\000i\000o\000n}{section.8.6}% 194
\BOOKMARK [1][-]{section.8.7}{\376\377\000F\000i\000n\000a\000l\000\040\000C\000l\000o\000s\000i\000n\000g\000\040\000S\000t\000a\000t\000e\000m\000e\000n\000t}{chapter.8}% 195
\BOOKMARK [0][-]{appendix.A}{\376\377\000D\000a\000t\000a\000\040\000F\000l\000o\000w\000\040\000a\000n\000d\000\040\000S\000y\000s\000t\000e\000m\000\040\000D\000i\000a\000g\000r\000a\000m\000s}{}% 196
\BOOKMARK [1][-]{section.A.1}{\376\377\000G\000a\000m\000e\000\040\000M\000a\000t\000c\000h\000\040\000D\000a\000t\000a\000\040\000F\000l\000o\000w}{appendix.A}% 197
\BOOKMARK [0][-]{appendix.B}{\376\377\000C\000o\000d\000e\000\040\000R\000e\000p\000o\000s\000i\000t\000o\000r\000y\000\040\000S\000t\000r\000u\000c\000t\000u\000r\000e}{}% 198
\BOOKMARK [0][-]{appendix.C}{\376\377\000D\000e\000p\000l\000o\000y\000m\000e\000n\000t\000\040\000\046\000\040\000O\000p\000e\000r\000a\000t\000i\000o\000n\000s}{}% 199
\BOOKMARK [1][-]{section.C.1}{\376\377\000Q\000u\000i\000c\000k\000\040\000S\000t\000a\000r\000t}{appendix.C}% 200
\BOOKMARK [1][-]{section.C.2}{\376\377\000S\000e\000r\000v\000i\000c\000e\000\040\000U\000R\000L\000s}{appendix.C}% 201
\BOOKMARK [1][-]{section.C.3}{\376\377\000S\000t\000o\000p\000p\000i\000n\000g\000\040\000S\000e\000r\000v\000i\000c\000e\000s}{appendix.C}% 202
\BOOKMARK [0][-]{appendix.D}{\376\377\000G\000l\000o\000s\000s\000a\000r\000y}{}% 203
\BOOKMARK [0][-]{appendix.E}{\376\377\000R\000e\000f\000e\000r\000e\000n\000c\000e\000s}{}% 204
